#
# A fatal error has been detected by the Java Runtime Environment:
#
#  EXCEPTION_ACCESS_VIOLATION (0xc0000005) at pc=0x00007ffec657727d, pid=4524, tid=496
#
# JRE version: OpenJDK Runtime Environment (11.0.10) (build 11.0.10+0-b96-7249189)
# Java VM: OpenJDK 64-Bit Server VM (11.0.10+0-b96-7249189, mixed mode, tiered, compressed oops, g1 gc, windows-amd64)
# Problematic frame:
# V  [jvm.dll+0x50727d]
#
# No core dump will be written. Minidumps are not enabled by default on client versions of Windows
#
# If you would like to submit a bug report, please visit:
#   https://bugreport.java.com/bugreport/crash.jsp
#

---------------  S U M M A R Y ------------

Command Line: --add-opens=java.base/java.util=ALL-UNNAMED --add-opens=java.base/java.lang=ALL-UNNAMED --add-opens=java.base/java.lang.invoke=ALL-UNNAMED --add-opens=java.base/java.util=ALL-UNNAMED --add-opens=java.prefs/java.util.prefs=ALL-UNNAMED --add-opens=java.prefs/java.util.prefs=ALL-UNNAMED --add-opens=java.base/java.nio.charset=ALL-UNNAMED --add-opens=java.base/java.net=ALL-UNNAMED --add-opens=java.base/java.util.concurrent.atomic=ALL-UNNAMED -Xmx2048m -Dfile.encoding=UTF-8 -Duser.country=RU -Duser.language=ru -Duser.variant org.gradle.launcher.daemon.bootstrap.GradleDaemon 7.0.2

Host: Intel(R) Celeron(R) N4000 CPU @ 1.10GHz, 2 cores, 7G,  Windows 10 , 64 bit Build 19041 (10.0.19041.1202)
Time: Wed Sep 29 16:05:46 2021 Беларусь (зима) elapsed time: 74.068167 seconds (0d 0h 1m 14s)

---------------  T H R E A D  ---------------

Current thread (0x0000026f3c9c7000):  JavaThread "C2 CompilerThread0" daemon [_thread_in_native, id=496, stack(0x000000b2f5100000,0x000000b2f5200000)]


Current CompileTask:
C2:  74068 12263   !   4       java.io.ObjectOutputStream::writeObject0 (619 bytes)

Stack: [0x000000b2f5100000,0x000000b2f5200000],  sp=0x000000b2f51fb6a0,  free space=1005k
Native frames: (J=compiled Java code, j=interpreted, Vv=VM code, C=native code)
V  [jvm.dll+0x50727d]
V  [jvm.dll+0x506e28]
V  [jvm.dll+0x506347]
V  [jvm.dll+0x1fc985]
V  [jvm.dll+0x1fa77f]
V  [jvm.dll+0x18354c]
V  [jvm.dll+0x208ee7]
V  [jvm.dll+0x207731]
V  [jvm.dll+0x6eb1cf]
V  [jvm.dll+0x6e3d45]
V  [jvm.dll+0x5ebe96]
C  [ucrtbase.dll+0x21bb2]
C  [KERNEL32.DLL+0x17034]
C  [ntdll.dll+0x52651]


siginfo: EXCEPTION_ACCESS_VIOLATION (0xc0000005), writing address 0x00000000000008d4


Register to memory mapping:

RIP=0x00007ffec657727d jvm.dll
RAX=0x0000026f45692050 points into unknown readable memory: 0x00000000000000a0 | a0 00 00 00 00 00 00 00
RBX=0x0000026f3de7daa0 points into unknown readable memory: 0x00007ffec6868e58 | 58 8e 86 c6 fe 7f 00 00
RCX=0x00000000000008d4 is an unknown value
RDX=0x0000026f45692050 points into unknown readable memory: 0x00000000000000a0 | a0 00 00 00 00 00 00 00
RSP=0x000000b2f51fb6a0 is pointing into the stack for thread: 0x0000026f3c9c7000
RBP=0x000000b2f51fb850 is pointing into the stack for thread: 0x0000026f3c9c7000
RSI=0x0000000000001496 is an unknown value
RDI=0x000000b2f51fbd00 is pointing into the stack for thread: 0x0000026f3c9c7000
R8 =0x0000000000000049 is an unknown value
R9 =0x000000b2f51fbd00 is pointing into the stack for thread: 0x0000026f3c9c7000
R10=0xfefefefefefefeff is an unknown value
R11=0x8080808080808080 is an unknown value
R12=0x000000b2f51fb798 is pointing into the stack for thread: 0x0000026f3c9c7000
R13=0x000000b2f51fb770 is pointing into the stack for thread: 0x0000026f3c9c7000
R14=0x0000026f45e12818 points into unknown readable memory: 0x00007ffec686b9c0 | c0 b9 86 c6 fe 7f 00 00
R15=0x0000026f45e12818 points into unknown readable memory: 0x00007ffec686b9c0 | c0 b9 86 c6 fe 7f 00 00


Registers:
RAX=0x0000026f45692050, RBX=0x0000026f3de7daa0, RCX=0x00000000000008d4, RDX=0x0000026f45692050
RSP=0x000000b2f51fb6a0, RBP=0x000000b2f51fb850, RSI=0x0000000000001496, RDI=0x000000b2f51fbd00
R8 =0x0000000000000049, R9 =0x000000b2f51fbd00, R10=0xfefefefefefefeff, R11=0x8080808080808080
R12=0x000000b2f51fb798, R13=0x000000b2f51fb770, R14=0x0000026f45e12818, R15=0x0000026f45e12818
RIP=0x00007ffec657727d, EFLAGS=0x0000000000010a86

Top of Stack: (sp=0x000000b2f51fb6a0)
0x000000b2f51fb6a0:   0000026f3de7daa0 0000000000001496
0x000000b2f51fb6b0:   0000026f45c38900 000000b200000011
0x000000b2f51fb6c0:   0000026f45c3a908 0000000000000034
0x000000b2f51fb6d0:   000000b2f51fb800 00007ffec6576e28
0x000000b2f51fb6e0:   0000026f3de7daa0 000000b2f51fb850
0x000000b2f51fb6f0:   000000000000148b 000000b2f51fb798
0x000000b2f51fb700:   000000b2f51fc6d8 00007ffec663c470
0x000000b2f51fb710:   0000026f3c9c1b70 0000000000000003
0x000000b2f51fb720:   0000026f4028b340 000000b2f51fb850
0x000000b2f51fb730:   0000000000000000 0000000000000002
0x000000b2f51fb740:   000000b2f51fbd00 00007ffec6576347
0x000000b2f51fb750:   000000b2f51fbd00 0000000000000001
0x000000b2f51fb760:   0000000000000034 000000b2f51fb800
0x000000b2f51fb770:   0000026f3c9c1b70 0000000000002000
0x000000b2f51fb780:   0000026f3fae7b10 00007ffe00001497
0x000000b2f51fb790:   0000000000000003 00007ffec68dde48 

Instructions: (pc=0x00007ffec657727d)
0x00007ffec657717d:   d0 c1 f8 03 83 e0 1f 8d 48 f8 f7 c1 f6 ff ff ff
0x00007ffec657718d:   75 37 83 f8 09 74 32 48 8b 46 08 4d 8b c4 48 8b
0x00007ffec657719d:   08 48 8b 41 08 48 8b cf 48 8b 18 48 8b 07 48 8b
0x00007ffec65771ad:   d3 ff 50 20 84 c0 74 05 49 3b dc 75 0c 8b 43 2c
0x00007ffec65771bd:   48 8b f3 24 0f 3c 08 74 9b 48 85 f6 74 11 8b 46
0x00007ffec65771cd:   2c 83 e0 07 3c 05 75 07 48 8b 46 08 48 8b 30 45
0x00007ffec65771dd:   8b 7e 28 44 3b 7f 28 72 0c 41 8b d7 48 8d 4f 20
0x00007ffec65771ed:   e8 ce 51 0c 00 48 8b 47 30 48 8d 56 01 48 8b cf
0x00007ffec65771fd:   4a 89 14 f8 48 8b d6 e8 f7 ea da ff 4c 8b 7c 24
0x00007ffec657720d:   20 84 c0 75 09 48 8b af 90 09 00 00 eb 12 8b 46
0x00007ffec657721d:   28 3b 47 28 73 0a 8b c8 48 8b 47 30 48 8b 2c c8
0x00007ffec657722d:   48 83 7d 10 00 75 21 8b 7d 50 8d 47 01 89 45 50
0x00007ffec657723d:   3b 7d 40 72 0b 8b d7 48 8d 4d 38 e8 73 51 0c 00
0x00007ffec657724d:   48 8b 45 48 4c 89 34 f8 48 8b 74 24 50 4c 8b 64
0x00007ffec657725d:   24 58 48 8b 6c 24 48 48 8b 5c 24 40 48 83 c4 28
0x00007ffec657726d:   41 5e 5f c3 0f 1f 00 b8 6f 50 00 2b 6f 50 00 00
0x00007ffec657727d:   01 01 01 01 01 01 01 01 01 01 01 01 01 01 01 01
0x00007ffec657728d:   01 01 01 01 01 01 01 01 01 01 01 01 01 01 01 01
0x00007ffec657729d:   01 01 01 01 01 01 01 01 01 01 01 01 01 01 01 01
0x00007ffec65772ad:   01 01 01 01 01 01 01 01 01 01 01 01 01 01 01 01
0x00007ffec65772bd:   01 01 01 01 01 01 01 01 01 01 01 01 01 01 01 01
0x00007ffec65772cd:   01 01 01 01 01 01 01 01 01 01 01 01 01 01 01 01
0x00007ffec65772dd:   01 01 01 01 01 01 01 01 00 00 00 01 01 01 01 01
0x00007ffec65772ed:   01 01 01 01 01 01 01 01 00 01 01 01 01 01 01 01
0x00007ffec65772fd:   01 01 01 00 00 00 00 00 00 00 00 00 00 00 01 00
0x00007ffec657730d:   00 00 00 01 00 00 01 01 01 01 01 01 01 01 01 01
0x00007ffec657731d:   01 01 01 01 01 01 01 01 00 00 00 01 01 01 01 01
0x00007ffec657732d:   01 01 01 01 01 01 01 01 01 01 01 01 01 01 01 01
0x00007ffec657733d:   01 01 01 01 01 01 01 01 01 01 01 01 01 01 01 01
0x00007ffec657734d:   01 01 01 01 01 01 01 01 01 01 01 01 01 01 01 01
0x00007ffec657735d:   01 01 01 01 01 01 01 01 01 01 01 01 01 01 00 01
0x00007ffec657736d:   00 00 00 40 55 48 8b ec 48 83 ec 50 48 8b 41 10 


Stack slot to memory mapping:
stack at sp + 0 slots: 0x0000026f3de7daa0 points into unknown readable memory: 0x00007ffec6868e58 | 58 8e 86 c6 fe 7f 00 00
stack at sp + 1 slots: 0x0000000000001496 is an unknown value
stack at sp + 2 slots: 0x0000026f45c38900 points into unknown readable memory: 0x00007ffec6854288 | 88 42 85 c6 fe 7f 00 00
stack at sp + 3 slots: 0x000000b200000011 is an unknown value
stack at sp + 4 slots: 0x0000026f45c3a908 points into unknown readable memory: 0x00007ffec68c7ac0 | c0 7a 8c c6 fe 7f 00 00
stack at sp + 5 slots: 0x0000000000000034 is an unknown value
stack at sp + 6 slots: 0x000000b2f51fb800 is pointing into the stack for thread: 0x0000026f3c9c7000
stack at sp + 7 slots: 0x00007ffec6576e28 jvm.dll


---------------  P R O C E S S  ---------------

Threads class SMR info:
_java_thread_list=0x0000026f3fa3ce40, length=45, elements={
0x0000026f22a8b800, 0x0000026f3c9a6000, 0x0000026f3c9b0000, 0x0000026f3c9be000,
0x0000026f3c9c0000, 0x0000026f3c9c2800, 0x0000026f3c9c7000, 0x0000026f3c9d1000,
0x0000026f3d366000, 0x0000026f3d498800, 0x0000026f3ee5d000, 0x0000026f3e999800,
0x0000026f3f4dd000, 0x0000026f3f4de000, 0x0000026f3ecaa800, 0x0000026f3ecab000,
0x0000026f3e1e6800, 0x0000026f3e294000, 0x0000026f3d844000, 0x0000026f3d846800,
0x0000026f3d844800, 0x0000026f3d847000, 0x0000026f3d848000, 0x0000026f3d842000,
0x0000026f3d845800, 0x0000026f3d848800, 0x0000026f3e8b4800, 0x0000026f3e8ae800,
0x0000026f3e8b3800, 0x0000026f3e8b2800, 0x0000026f3e8b5000, 0x0000026f3e8b0800,
0x0000026f3e8b7000, 0x0000026f3e8b7800, 0x0000026f3e8b2000, 0x0000026f3e8bb000,
0x0000026f3e8bd800, 0x0000026f3e8b9800, 0x0000026f45a7c000, 0x0000026f45a7e800,
0x0000026f45a7d000, 0x0000026f45a7f800, 0x0000026f45a7b800, 0x0000026f45a80800,
0x0000026f45a82000
}

Java Threads: ( => current thread )
  0x0000026f22a8b800 JavaThread "main" [_thread_blocked, id=10136, stack(0x000000b2f4500000,0x000000b2f4600000)]
  0x0000026f3c9a6000 JavaThread "Reference Handler" daemon [_thread_blocked, id=9556, stack(0x000000b2f4c00000,0x000000b2f4d00000)]
  0x0000026f3c9b0000 JavaThread "Finalizer" daemon [_thread_blocked, id=9660, stack(0x000000b2f4d00000,0x000000b2f4e00000)]
  0x0000026f3c9be000 JavaThread "Signal Dispatcher" daemon [_thread_blocked, id=7868, stack(0x000000b2f4e00000,0x000000b2f4f00000)]
  0x0000026f3c9c0000 JavaThread "Attach Listener" daemon [_thread_blocked, id=11892, stack(0x000000b2f4f00000,0x000000b2f5000000)]
  0x0000026f3c9c2800 JavaThread "Service Thread" daemon [_thread_blocked, id=12796, stack(0x000000b2f5000000,0x000000b2f5100000)]
=>0x0000026f3c9c7000 JavaThread "C2 CompilerThread0" daemon [_thread_in_native, id=496, stack(0x000000b2f5100000,0x000000b2f5200000)]
  0x0000026f3c9d1000 JavaThread "C1 CompilerThread0" daemon [_thread_blocked, id=11432, stack(0x000000b2f5200000,0x000000b2f5300000)]
  0x0000026f3d366000 JavaThread "Sweeper thread" daemon [_thread_blocked, id=8244, stack(0x000000b2f5300000,0x000000b2f5400000)]
  0x0000026f3d498800 JavaThread "Common-Cleaner" daemon [_thread_blocked, id=1156, stack(0x000000b2f5400000,0x000000b2f5500000)]
  0x0000026f3ee5d000 JavaThread "Daemon health stats" [_thread_blocked, id=592, stack(0x000000b2f5700000,0x000000b2f5800000)]
  0x0000026f3e999800 JavaThread "Incoming local TCP Connector on port 50392" [_thread_in_native, id=11740, stack(0x000000b2f5900000,0x000000b2f5a00000)]
  0x0000026f3f4dd000 JavaThread "Daemon" [_thread_blocked, id=9968, stack(0x000000b2f5a00000,0x000000b2f5b00000)]
  0x0000026f3f4de000 JavaThread "Handler for socket connection from /127.0.0.1:50392 to /127.0.0.1:50393" [_thread_in_native, id=2456, stack(0x000000b2f5b00000,0x000000b2f5c00000)]
  0x0000026f3ecaa800 JavaThread "Daemon periodic checks" [_thread_blocked, id=12984, stack(0x000000b2f5c00000,0x000000b2f5d00000)]
  0x0000026f3ecab000 JavaThread "Cancel handler" [_thread_blocked, id=2656, stack(0x000000b2f5d00000,0x000000b2f5e00000)]
  0x0000026f3e1e6800 JavaThread "Daemon worker" [_thread_blocked, id=1328, stack(0x000000b2f5e00000,0x000000b2f5f00000)]
  0x0000026f3e294000 JavaThread "Asynchronous log dispatcher for DefaultDaemonConnection: socket connection from /127.0.0.1:50392 to /127.0.0.1:50393" [_thread_blocked, id=13136, stack(0x000000b2f5f00000,0x000000b2f6000000)]
  0x0000026f3d844000 JavaThread "Daemon client event forwarder" [_thread_blocked, id=4920, stack(0x000000b2f6100000,0x000000b2f6200000)]
  0x0000026f3d846800 JavaThread "Cache worker for file hash cache (C:\Users\login\.gradle\caches\7.0.2\fileHashes)" [_thread_blocked, id=6196, stack(0x000000b2f6200000,0x000000b2f6300000)]
  0x0000026f3d844800 JavaThread "File lock request listener" [_thread_in_native, id=12284, stack(0x000000b2f6300000,0x000000b2f6400000)]
  0x0000026f3d847000 JavaThread "Cache worker for journal cache (C:\Users\login\.gradle\caches\journal-1)" [_thread_blocked, id=9456, stack(0x000000b2f6400000,0x000000b2f6500000)]
  0x0000026f3d848000 JavaThread "Cache worker for file hash cache (D:\neoviso\meetvideo\GCoreVideoCallsDemo\.gradle\7.0.2\fileHashes)" [_thread_blocked, id=5124, stack(0x000000b2f6500000,0x000000b2f6600000)]
  0x0000026f3d842000 JavaThread "File watcher server" daemon [_thread_in_native, id=5200, stack(0x000000b2f6600000,0x000000b2f6700000)]
  0x0000026f3d845800 JavaThread "File watcher consumer" daemon [_thread_blocked, id=8292, stack(0x000000b2f6700000,0x000000b2f6800000)]
  0x0000026f3d848800 JavaThread "Cache worker for checksums cache (D:\neoviso\meetvideo\GCoreVideoCallsDemo\.gradle\checksums)" [_thread_blocked, id=10652, stack(0x000000b2f6800000,0x000000b2f6900000)]
  0x0000026f3e8b4800 JavaThread "Cache worker for cache directory md-supplier (C:\Users\login\.gradle\caches\7.0.2\md-supplier)" [_thread_blocked, id=7304, stack(0x000000b2f6900000,0x000000b2f6a00000)]
  0x0000026f3e8ae800 JavaThread "Cache worker for cache directory md-rule (C:\Users\login\.gradle\caches\7.0.2\md-rule)" [_thread_blocked, id=10000, stack(0x000000b2f6a00000,0x000000b2f6b00000)]
  0x0000026f3e8b3800 JavaThread "Cache worker for execution history cache (C:\Users\login\.gradle\caches\7.0.2\executionHistory)" [_thread_blocked, id=2064, stack(0x000000b2f6b00000,0x000000b2f6c00000)]
  0x0000026f3e8b2800 JavaThread "jar transforms" [_thread_blocked, id=3324, stack(0x000000b2f6c00000,0x000000b2f6d00000)]
  0x0000026f3e8b5000 JavaThread "jar transforms Thread 2" [_thread_blocked, id=3608, stack(0x000000b2f6d00000,0x000000b2f6e00000)]
  0x0000026f3e8b0800 JavaThread "Cache worker for file content cache (C:\Users\login\.gradle\caches\7.0.2\fileContent)" [_thread_blocked, id=10816, stack(0x000000b2f6e00000,0x000000b2f6f00000)]
  0x0000026f3e8b7000 JavaThread "Cache worker for dependencies-accessors (D:\neoviso\meetvideo\GCoreVideoCallsDemo\.gradle\7.0.2\dependencies-accessors)" [_thread_blocked, id=8604, stack(0x000000b2f6f00000,0x000000b2f7000000)]
  0x0000026f3e8b7800 JavaThread "Cache worker for Build Output Cleanup Cache (D:\neoviso\meetvideo\GCoreVideoCallsDemo\.gradle\buildOutputCleanup)" [_thread_blocked, id=13232, stack(0x000000b2f7000000,0x000000b2f7100000)]
  0x0000026f3e8b2000 JavaThread "Build operations" [_thread_blocked, id=4564, stack(0x000000b2f7100000,0x000000b2f7200000)]
  0x0000026f3e8bb000 JavaThread "Build operations Thread 2" [_thread_blocked, id=11524, stack(0x000000b2f7200000,0x000000b2f7300000)]
  0x0000026f3e8bd800 JavaThread "Memory manager" [_thread_blocked, id=12832, stack(0x000000b2f7300000,0x000000b2f7400000)]
  0x0000026f3e8b9800 JavaThread "build event listener" [_thread_blocked, id=11020, stack(0x000000b2f7600000,0x000000b2f7700000)]
  0x0000026f45a7c000 JavaThread "Execution worker for ':'" [_thread_in_Java, id=12868, stack(0x000000b2f7700000,0x000000b2f7800000)]
  0x0000026f45a7e800 JavaThread "Cache worker for execution history cache (D:\neoviso\meetvideo\GCoreVideoCallsDemo\.gradle\7.0.2\executionHistory)" [_thread_blocked, id=11244, stack(0x000000b2f7800000,0x000000b2f7900000)]
  0x0000026f45a7d000 JavaThread "RMI Scheduler(0)" daemon [_thread_blocked, id=9432, stack(0x000000b2f7900000,0x000000b2f7a00000)]
  0x0000026f45a7f800 JavaThread "RMI GC Daemon" daemon [_thread_blocked, id=6848, stack(0x000000b2f7b00000,0x000000b2f7c00000)]
  0x0000026f45a7b800 JavaThread "RMI TCP Accept-0" daemon [_thread_in_native, id=3844, stack(0x000000b2f7c00000,0x000000b2f7d00000)]
  0x0000026f45a80800 JavaThread "RMI Reaper" [_thread_blocked, id=2740, stack(0x000000b2f7d00000,0x000000b2f7e00000)]
  0x0000026f45a82000 JavaThread "RMI TCP Connection(1)-127.0.0.1" daemon [_thread_in_native, id=8900, stack(0x000000b2f7e00000,0x000000b2f7f00000)]

Other Threads:
  0x0000026f3c9a2800 VMThread "VM Thread" [stack: 0x000000b2f4b00000,0x000000b2f4c00000] [id=3476]
  0x0000026f3d4be000 WatcherThread [stack: 0x000000b2f5500000,0x000000b2f5600000] [id=8764]
  0x0000026f22aa5000 GCTaskThread "GC Thread#0" [stack: 0x000000b2f4600000,0x000000b2f4700000] [id=11948]
  0x0000026f3d6b0000 GCTaskThread "GC Thread#1" [stack: 0x000000b2f5600000,0x000000b2f5700000] [id=4320]
  0x0000026f22ad7000 ConcurrentGCThread "G1 Main Marker" [stack: 0x000000b2f4700000,0x000000b2f4800000] [id=4128]
  0x0000026f22ad8800 ConcurrentGCThread "G1 Conc#0" [stack: 0x000000b2f4800000,0x000000b2f4900000] [id=3680]
  0x0000026f22b5a800 ConcurrentGCThread "G1 Refine#0" [stack: 0x000000b2f4900000,0x000000b2f4a00000] [id=7412]
  0x0000026f3f49d800 ConcurrentGCThread "G1 Refine#1" [stack: 0x000000b2f5800000,0x000000b2f5900000] [id=10392]
  0x0000026f22b5c800 ConcurrentGCThread "G1 Young RemSet Sampling" [stack: 0x000000b2f4a00000,0x000000b2f4b00000] [id=2348]

Threads with active compile tasks:
C2 CompilerThread0  74272 12263   !   4       java.io.ObjectOutputStream::writeObject0 (619 bytes)

VM state:not at safepoint (normal execution)

VM Mutex/Monitor currently owned by a thread: None

Heap address: 0x0000000080000000, size: 2048 MB, Compressed Oops mode: 32-bit
Narrow klass base: 0x0000000000000000, Narrow klass shift: 3
Compressed class space size: 1073741824 Address: 0x0000000100000000

Heap:
 garbage-first heap   total 225280K, used 122183K [0x0000000080000000, 0x0000000100000000)
  region size 1024K, 38 young (38912K), 6 survivors (6144K)
 Metaspace       used 96294K, capacity 98766K, committed 98944K, reserved 1134592K
  class space    used 12429K, capacity 13356K, committed 13440K, reserved 1048576K
Heap Regions: E=young(eden), S=young(survivor), O=old, HS=humongous(starts), HC=humongous(continues), CS=collection set, F=free, A=archive, TAMS=top-at-mark-start (previous, next)
|   0|0x0000000080000000, 0x0000000080100000, 0x0000000080100000|100%| O|  |TAMS 0x0000000080100000, 0x0000000080000000| Untracked 
|   1|0x0000000080100000, 0x0000000080200000, 0x0000000080200000|100%| O|  |TAMS 0x0000000080200000, 0x0000000080100000| Untracked 
|   2|0x0000000080200000, 0x0000000080300000, 0x0000000080300000|100%| O|  |TAMS 0x0000000080300000, 0x0000000080200000| Untracked 
|   3|0x0000000080300000, 0x0000000080400000, 0x0000000080400000|100%| O|  |TAMS 0x0000000080400000, 0x0000000080300000| Untracked 
|   4|0x0000000080400000, 0x0000000080500000, 0x0000000080500000|100%|HS|  |TAMS 0x0000000080500000, 0x0000000080400000| Complete 
|   5|0x0000000080500000, 0x0000000080600000, 0x0000000080600000|100%|HC|  |TAMS 0x0000000080600000, 0x0000000080500000| Complete 
|   6|0x0000000080600000, 0x0000000080700000, 0x0000000080700000|100%|HC|  |TAMS 0x0000000080700000, 0x0000000080600000| Complete 
|   7|0x0000000080700000, 0x0000000080800000, 0x0000000080800000|100%| O|  |TAMS 0x0000000080800000, 0x0000000080700000| Untracked 
|   8|0x0000000080800000, 0x0000000080900000, 0x0000000080900000|100%| O|  |TAMS 0x0000000080900000, 0x0000000080800000| Untracked 
|   9|0x0000000080900000, 0x0000000080a00000, 0x0000000080a00000|100%| O|  |TAMS 0x0000000080a00000, 0x0000000080900000| Untracked 
|  10|0x0000000080a00000, 0x0000000080b00000, 0x0000000080b00000|100%| O|  |TAMS 0x0000000080b00000, 0x0000000080a00000| Untracked 
|  11|0x0000000080b00000, 0x0000000080c00000, 0x0000000080c00000|100%| O|  |TAMS 0x0000000080c00000, 0x0000000080b00000| Untracked 
|  12|0x0000000080c00000, 0x0000000080d00000, 0x0000000080d00000|100%| O|  |TAMS 0x0000000080d00000, 0x0000000080c00000| Untracked 
|  13|0x0000000080d00000, 0x0000000080e00000, 0x0000000080e00000|100%| O|  |TAMS 0x0000000080e00000, 0x0000000080d00000| Untracked 
|  14|0x0000000080e00000, 0x0000000080f00000, 0x0000000080f00000|100%| O|  |TAMS 0x0000000080f00000, 0x0000000080e00000| Untracked 
|  15|0x0000000080f00000, 0x0000000081000000, 0x0000000081000000|100%| O|  |TAMS 0x0000000081000000, 0x0000000080f00000| Untracked 
|  16|0x0000000081000000, 0x0000000081100000, 0x0000000081100000|100%| O|  |TAMS 0x0000000081100000, 0x0000000081000000| Untracked 
|  17|0x0000000081100000, 0x0000000081200000, 0x0000000081200000|100%|HS|  |TAMS 0x0000000081200000, 0x0000000081100000| Complete 
|  18|0x0000000081200000, 0x0000000081300000, 0x0000000081300000|100%| O|  |TAMS 0x0000000081300000, 0x0000000081200000| Untracked 
|  19|0x0000000081300000, 0x0000000081400000, 0x0000000081400000|100%| O|  |TAMS 0x0000000081400000, 0x0000000081300000| Untracked 
|  20|0x0000000081400000, 0x0000000081500000, 0x0000000081500000|100%| O|  |TAMS 0x0000000081500000, 0x0000000081400000| Untracked 
|  21|0x0000000081500000, 0x0000000081600000, 0x0000000081600000|100%| O|  |TAMS 0x0000000081600000, 0x0000000081500000| Untracked 
|  22|0x0000000081600000, 0x0000000081700000, 0x0000000081700000|100%| O|  |TAMS 0x0000000081700000, 0x0000000081600000| Untracked 
|  23|0x0000000081700000, 0x0000000081800000, 0x0000000081800000|100%|HS|  |TAMS 0x0000000081800000, 0x0000000081700000| Complete 
|  24|0x0000000081800000, 0x0000000081900000, 0x0000000081900000|100%|HS|  |TAMS 0x0000000081900000, 0x0000000081800000| Complete 
|  25|0x0000000081900000, 0x0000000081a00000, 0x0000000081a00000|100%|HS|  |TAMS 0x0000000081a00000, 0x0000000081900000| Complete 
|  26|0x0000000081a00000, 0x0000000081b00000, 0x0000000081b00000|100%|HC|  |TAMS 0x0000000081b00000, 0x0000000081a00000| Complete 
|  27|0x0000000081b00000, 0x0000000081c00000, 0x0000000081c00000|100%|HC|  |TAMS 0x0000000081c00000, 0x0000000081b00000| Complete 
|  28|0x0000000081c00000, 0x0000000081d00000, 0x0000000081d00000|100%|HS|  |TAMS 0x0000000081d00000, 0x0000000081c00000| Complete 
|  29|0x0000000081d00000, 0x0000000081e00000, 0x0000000081e00000|100%|HC|  |TAMS 0x0000000081e00000, 0x0000000081d00000| Complete 
|  30|0x0000000081e00000, 0x0000000081f00000, 0x0000000081f00000|100%| O|  |TAMS 0x0000000081f00000, 0x0000000081e00000| Untracked 
|  31|0x0000000081f00000, 0x0000000082000000, 0x0000000082000000|100%| O|  |TAMS 0x0000000082000000, 0x0000000081f00000| Untracked 
|  32|0x0000000082000000, 0x0000000082100000, 0x0000000082100000|100%| O|  |TAMS 0x0000000082100000, 0x0000000082000000| Untracked 
|  33|0x0000000082100000, 0x0000000082200000, 0x0000000082200000|100%| O|  |TAMS 0x0000000082200000, 0x0000000082100000| Untracked 
|  34|0x0000000082200000, 0x0000000082300000, 0x0000000082300000|100%| O|  |TAMS 0x0000000082300000, 0x0000000082200000| Untracked 
|  35|0x0000000082300000, 0x0000000082400000, 0x0000000082400000|100%| O|  |TAMS 0x0000000082400000, 0x0000000082300000| Untracked 
|  36|0x0000000082400000, 0x0000000082500000, 0x0000000082500000|100%| O|  |TAMS 0x0000000082500000, 0x0000000082400000| Untracked 
|  37|0x0000000082500000, 0x0000000082600000, 0x0000000082600000|100%| O|  |TAMS 0x0000000082600000, 0x0000000082500000| Untracked 
|  38|0x0000000082600000, 0x0000000082700000, 0x0000000082700000|100%| O|  |TAMS 0x0000000082700000, 0x0000000082600000| Untracked 
|  39|0x0000000082700000, 0x0000000082800000, 0x0000000082800000|100%| O|  |TAMS 0x0000000082800000, 0x0000000082700000| Untracked 
|  40|0x0000000082800000, 0x0000000082900000, 0x0000000082900000|100%| O|  |TAMS 0x0000000082900000, 0x0000000082800000| Untracked 
|  41|0x0000000082900000, 0x0000000082a00000, 0x0000000082a00000|100%| O|  |TAMS 0x0000000082a00000, 0x0000000082900000| Untracked 
|  42|0x0000000082a00000, 0x0000000082b00000, 0x0000000082b00000|100%| O|  |TAMS 0x0000000082b00000, 0x0000000082a00000| Untracked 
|  43|0x0000000082b00000, 0x0000000082c00000, 0x0000000082c00000|100%| O|  |TAMS 0x0000000082c00000, 0x0000000082b00000| Untracked 
|  44|0x0000000082c00000, 0x0000000082d00000, 0x0000000082d00000|100%| O|  |TAMS 0x0000000082d00000, 0x0000000082c00000| Untracked 
|  45|0x0000000082d00000, 0x0000000082e00000, 0x0000000082e00000|100%| O|  |TAMS 0x0000000082e00000, 0x0000000082d00000| Untracked 
|  46|0x0000000082e00000, 0x0000000082f00000, 0x0000000082f00000|100%| O|  |TAMS 0x0000000082f00000, 0x0000000082e00000| Untracked 
|  47|0x0000000082f00000, 0x0000000083000000, 0x0000000083000000|100%| O|  |TAMS 0x0000000083000000, 0x0000000082f00000| Untracked 
|  48|0x0000000083000000, 0x0000000083100000, 0x0000000083100000|100%| O|  |TAMS 0x0000000083100000, 0x0000000083000000| Untracked 
|  49|0x0000000083100000, 0x0000000083200000, 0x0000000083200000|100%| O|  |TAMS 0x0000000083200000, 0x0000000083100000| Untracked 
|  50|0x0000000083200000, 0x0000000083300000, 0x0000000083300000|100%| O|  |TAMS 0x0000000083200000, 0x0000000083200000| Untracked 
|  51|0x0000000083300000, 0x0000000083400000, 0x0000000083400000|100%| O|  |TAMS 0x0000000083300000, 0x0000000083300000| Untracked 
|  52|0x0000000083400000, 0x0000000083500000, 0x0000000083500000|100%| O|  |TAMS 0x0000000083400000, 0x0000000083400000| Untracked 
|  53|0x0000000083500000, 0x0000000083600000, 0x0000000083600000|100%| O|  |TAMS 0x0000000083500000, 0x0000000083500000| Untracked 
|  54|0x0000000083600000, 0x0000000083700000, 0x0000000083700000|100%| O|  |TAMS 0x0000000083600000, 0x0000000083600000| Untracked 
|  55|0x0000000083700000, 0x0000000083800000, 0x0000000083800000|100%| O|  |TAMS 0x0000000083700000, 0x0000000083700000| Untracked 
|  56|0x0000000083800000, 0x0000000083900000, 0x0000000083900000|100%| O|  |TAMS 0x0000000083800000, 0x0000000083800000| Untracked 
|  57|0x0000000083900000, 0x0000000083a00000, 0x0000000083a00000|100%| O|  |TAMS 0x0000000083900000, 0x0000000083900000| Untracked 
|  58|0x0000000083a00000, 0x0000000083b00000, 0x0000000083b00000|100%| O|  |TAMS 0x0000000083a00000, 0x0000000083a00000| Untracked 
|  59|0x0000000083b00000, 0x0000000083c00000, 0x0000000083c00000|100%| O|  |TAMS 0x0000000083b00000, 0x0000000083b00000| Untracked 
|  60|0x0000000083c00000, 0x0000000083d00000, 0x0000000083d00000|100%| O|  |TAMS 0x0000000083c00000, 0x0000000083c00000| Untracked 
|  61|0x0000000083d00000, 0x0000000083e00000, 0x0000000083e00000|100%| O|  |TAMS 0x0000000083d00000, 0x0000000083d00000| Untracked 
|  62|0x0000000083e00000, 0x0000000083f00000, 0x0000000083f00000|100%| O|  |TAMS 0x0000000083e00000, 0x0000000083e00000| Untracked 
|  63|0x0000000083f00000, 0x0000000084000000, 0x0000000084000000|100%| O|  |TAMS 0x0000000083f00000, 0x0000000083f00000| Untracked 
|  64|0x0000000084000000, 0x0000000084100000, 0x0000000084100000|100%| O|  |TAMS 0x0000000084000000, 0x0000000084000000| Untracked 
|  65|0x0000000084100000, 0x0000000084200000, 0x0000000084200000|100%| O|  |TAMS 0x0000000084100000, 0x0000000084100000| Untracked 
|  66|0x0000000084200000, 0x0000000084300000, 0x0000000084300000|100%| O|  |TAMS 0x0000000084200000, 0x0000000084200000| Untracked 
|  67|0x0000000084300000, 0x0000000084400000, 0x0000000084400000|100%| O|  |TAMS 0x0000000084300000, 0x0000000084300000| Untracked 
|  68|0x0000000084400000, 0x0000000084500000, 0x0000000084500000|100%| O|  |TAMS 0x0000000084400000, 0x0000000084400000| Untracked 
|  69|0x0000000084500000, 0x0000000084600000, 0x0000000084600000|100%| O|  |TAMS 0x0000000084500000, 0x0000000084500000| Untracked 
|  70|0x0000000084600000, 0x0000000084700000, 0x0000000084700000|100%| O|  |TAMS 0x0000000084600000, 0x0000000084600000| Untracked 
|  71|0x0000000084700000, 0x0000000084800000, 0x0000000084800000|100%| O|  |TAMS 0x0000000084700000, 0x0000000084700000| Untracked 
|  72|0x0000000084800000, 0x00000000848d6c00, 0x0000000084900000| 83%| O|  |TAMS 0x0000000084800000, 0x0000000084800000| Untracked 
|  73|0x0000000084900000, 0x0000000084900000, 0x0000000084a00000|  0%| F|  |TAMS 0x0000000084900000, 0x0000000084900000| Untracked 
|  74|0x0000000084a00000, 0x0000000084a00000, 0x0000000084b00000|  0%| F|  |TAMS 0x0000000084a00000, 0x0000000084a00000| Untracked 
|  75|0x0000000084b00000, 0x0000000084b00000, 0x0000000084c00000|  0%| F|  |TAMS 0x0000000084b00000, 0x0000000084b00000| Untracked 
|  76|0x0000000084c00000, 0x0000000084c00000, 0x0000000084d00000|  0%| F|  |TAMS 0x0000000084c00000, 0x0000000084c00000| Untracked 
|  77|0x0000000084d00000, 0x0000000084d00000, 0x0000000084e00000|  0%| F|  |TAMS 0x0000000084d00000, 0x0000000084d00000| Untracked 
|  78|0x0000000084e00000, 0x0000000084e00000, 0x0000000084f00000|  0%| F|  |TAMS 0x0000000084e00000, 0x0000000084e00000| Untracked 
|  79|0x0000000084f00000, 0x0000000084f00000, 0x0000000085000000|  0%| F|  |TAMS 0x0000000084f00000, 0x0000000084f00000| Untracked 
|  80|0x0000000085000000, 0x0000000085100000, 0x0000000085100000|100%| O|  |TAMS 0x0000000085100000, 0x0000000085000000| Untracked 
|  81|0x0000000085100000, 0x0000000085200000, 0x0000000085200000|100%| O|  |TAMS 0x0000000085200000, 0x0000000085100000| Untracked 
|  82|0x0000000085200000, 0x0000000085300000, 0x0000000085300000|100%| O|  |TAMS 0x0000000085300000, 0x0000000085200000| Untracked 
|  83|0x0000000085300000, 0x0000000085400000, 0x0000000085400000|100%| O|  |TAMS 0x0000000085400000, 0x0000000085300000| Untracked 
|  84|0x0000000085400000, 0x0000000085500000, 0x0000000085500000|100%| O|  |TAMS 0x0000000085500000, 0x0000000085400000| Untracked 
|  85|0x0000000085500000, 0x0000000085600000, 0x0000000085600000|100%| O|  |TAMS 0x0000000085600000, 0x0000000085500000| Untracked 
|  86|0x0000000085600000, 0x0000000085700000, 0x0000000085700000|100%| O|  |TAMS 0x0000000085700000, 0x0000000085600000| Untracked 
|  87|0x0000000085700000, 0x0000000085800000, 0x0000000085800000|100%| O|  |TAMS 0x0000000085800000, 0x0000000085700000| Untracked 
|  88|0x0000000085800000, 0x0000000085900000, 0x0000000085900000|100%| O|  |TAMS 0x0000000085900000, 0x0000000085800000| Untracked 
|  89|0x0000000085900000, 0x0000000085a00000, 0x0000000085a00000|100%| O|  |TAMS 0x0000000085a00000, 0x0000000085900000| Untracked 
|  90|0x0000000085a00000, 0x0000000085b00000, 0x0000000085b00000|100%| O|  |TAMS 0x0000000085ae6000, 0x0000000085a00000| Untracked 
|  91|0x0000000085b00000, 0x0000000085b00000, 0x0000000085c00000|  0%| F|  |TAMS 0x0000000085b00000, 0x0000000085b00000| Untracked 
|  92|0x0000000085c00000, 0x0000000085c00000, 0x0000000085d00000|  0%| F|  |TAMS 0x0000000085c00000, 0x0000000085c00000| Untracked 
|  93|0x0000000085d00000, 0x0000000085d00000, 0x0000000085e00000|  0%| F|  |TAMS 0x0000000085d00000, 0x0000000085d00000| Untracked 
|  94|0x0000000085e00000, 0x0000000085e00000, 0x0000000085f00000|  0%| F|  |TAMS 0x0000000085e00000, 0x0000000085e00000| Untracked 
|  95|0x0000000085f00000, 0x0000000085f00000, 0x0000000086000000|  0%| F|  |TAMS 0x0000000085f00000, 0x0000000085f00000| Untracked 
|  96|0x0000000086000000, 0x0000000086000000, 0x0000000086100000|  0%| F|  |TAMS 0x0000000086000000, 0x0000000086000000| Untracked 
|  97|0x0000000086100000, 0x0000000086100000, 0x0000000086200000|  0%| F|  |TAMS 0x0000000086100000, 0x0000000086100000| Untracked 
|  98|0x0000000086200000, 0x0000000086200000, 0x0000000086300000|  0%| F|  |TAMS 0x0000000086200000, 0x0000000086200000| Untracked 
|  99|0x0000000086300000, 0x0000000086300000, 0x0000000086400000|  0%| F|  |TAMS 0x0000000086300000, 0x0000000086300000| Untracked 
| 100|0x0000000086400000, 0x0000000086400000, 0x0000000086500000|  0%| F|  |TAMS 0x0000000086400000, 0x0000000086400000| Untracked 
| 101|0x0000000086500000, 0x0000000086500000, 0x0000000086600000|  0%| F|  |TAMS 0x0000000086500000, 0x0000000086500000| Untracked 
| 102|0x0000000086600000, 0x0000000086600000, 0x0000000086700000|  0%| F|  |TAMS 0x0000000086600000, 0x0000000086600000| Untracked 
| 103|0x0000000086700000, 0x0000000086700000, 0x0000000086800000|  0%| F|  |TAMS 0x0000000086700000, 0x0000000086700000| Untracked 
| 104|0x0000000086800000, 0x0000000086800000, 0x0000000086900000|  0%| F|  |TAMS 0x0000000086800000, 0x0000000086800000| Untracked 
| 105|0x0000000086900000, 0x0000000086900000, 0x0000000086a00000|  0%| F|  |TAMS 0x0000000086900000, 0x0000000086900000| Untracked 
| 106|0x0000000086a00000, 0x0000000086a00000, 0x0000000086b00000|  0%| F|  |TAMS 0x0000000086a00000, 0x0000000086a00000| Untracked 
| 107|0x0000000086b00000, 0x0000000086b00000, 0x0000000086c00000|  0%| F|  |TAMS 0x0000000086b00000, 0x0000000086b00000| Untracked 
| 108|0x0000000086c00000, 0x0000000086c00000, 0x0000000086d00000|  0%| F|  |TAMS 0x0000000086c00000, 0x0000000086c00000| Untracked 
| 109|0x0000000086d00000, 0x0000000086d00000, 0x0000000086e00000|  0%| F|  |TAMS 0x0000000086d00000, 0x0000000086d00000| Untracked 
| 110|0x0000000086e00000, 0x0000000086e00000, 0x0000000086f00000|  0%| F|  |TAMS 0x0000000086e00000, 0x0000000086e00000| Untracked 
| 111|0x0000000086f00000, 0x0000000086f00000, 0x0000000087000000|  0%| F|  |TAMS 0x0000000086f00000, 0x0000000086f00000| Untracked 
| 112|0x0000000087000000, 0x0000000087000000, 0x0000000087100000|  0%| F|  |TAMS 0x0000000087000000, 0x0000000087000000| Untracked 
| 113|0x0000000087100000, 0x0000000087100000, 0x0000000087200000|  0%| F|  |TAMS 0x0000000087100000, 0x0000000087100000| Untracked 
| 114|0x0000000087200000, 0x0000000087200000, 0x0000000087300000|  0%| F|  |TAMS 0x0000000087200000, 0x0000000087200000| Untracked 
| 115|0x0000000087300000, 0x0000000087300000, 0x0000000087400000|  0%| F|  |TAMS 0x0000000087300000, 0x0000000087300000| Untracked 
| 116|0x0000000087400000, 0x0000000087400000, 0x0000000087500000|  0%| F|  |TAMS 0x0000000087400000, 0x0000000087400000| Untracked 
| 117|0x0000000087500000, 0x0000000087500000, 0x0000000087600000|  0%| F|  |TAMS 0x0000000087500000, 0x0000000087500000| Untracked 
| 118|0x0000000087600000, 0x0000000087600000, 0x0000000087700000|  0%| F|  |TAMS 0x0000000087600000, 0x0000000087600000| Untracked 
| 119|0x0000000087700000, 0x0000000087700000, 0x0000000087800000|  0%| F|  |TAMS 0x0000000087700000, 0x0000000087700000| Untracked 
| 120|0x0000000087800000, 0x0000000087800000, 0x0000000087900000|  0%| F|  |TAMS 0x0000000087800000, 0x0000000087800000| Untracked 
| 121|0x0000000087900000, 0x0000000087900000, 0x0000000087a00000|  0%| F|  |TAMS 0x0000000087900000, 0x0000000087900000| Untracked 
| 122|0x0000000087a00000, 0x0000000087a00000, 0x0000000087b00000|  0%| F|  |TAMS 0x0000000087a00000, 0x0000000087a00000| Untracked 
| 123|0x0000000087b00000, 0x0000000087b00000, 0x0000000087c00000|  0%| F|  |TAMS 0x0000000087b00000, 0x0000000087b00000| Untracked 
| 124|0x0000000087c00000, 0x0000000087c00000, 0x0000000087d00000|  0%| F|  |TAMS 0x0000000087c00000, 0x0000000087c00000| Untracked 
| 125|0x0000000087d00000, 0x0000000087d00000, 0x0000000087e00000|  0%| F|  |TAMS 0x0000000087d00000, 0x0000000087d00000| Untracked 
| 126|0x0000000087e00000, 0x0000000087e00000, 0x0000000087f00000|  0%| F|  |TAMS 0x0000000087e00000, 0x0000000087e00000| Untracked 
| 127|0x0000000087f00000, 0x0000000087f00000, 0x0000000088000000|  0%| F|  |TAMS 0x0000000087f00000, 0x0000000087f00000| Untracked 
| 128|0x0000000088000000, 0x0000000088000000, 0x0000000088100000|  0%| F|  |TAMS 0x0000000088000000, 0x0000000088000000| Untracked 
| 129|0x0000000088100000, 0x0000000088100000, 0x0000000088200000|  0%| F|  |TAMS 0x0000000088100000, 0x0000000088100000| Untracked 
| 130|0x0000000088200000, 0x0000000088200000, 0x0000000088300000|  0%| F|  |TAMS 0x0000000088200000, 0x0000000088200000| Untracked 
| 131|0x0000000088300000, 0x0000000088300000, 0x0000000088400000|  0%| F|  |TAMS 0x0000000088300000, 0x0000000088300000| Untracked 
| 132|0x0000000088400000, 0x0000000088400000, 0x0000000088500000|  0%| F|  |TAMS 0x0000000088400000, 0x0000000088400000| Untracked 
| 133|0x0000000088500000, 0x0000000088500000, 0x0000000088600000|  0%| F|  |TAMS 0x0000000088500000, 0x0000000088500000| Untracked 
| 134|0x0000000088600000, 0x0000000088600000, 0x0000000088700000|  0%| F|  |TAMS 0x0000000088600000, 0x0000000088600000| Untracked 
| 135|0x0000000088700000, 0x0000000088700000, 0x0000000088800000|  0%| F|  |TAMS 0x0000000088700000, 0x0000000088700000| Untracked 
| 136|0x0000000088800000, 0x0000000088800000, 0x0000000088900000|  0%| F|  |TAMS 0x0000000088800000, 0x0000000088800000| Untracked 
| 137|0x0000000088900000, 0x0000000088900000, 0x0000000088a00000|  0%| F|  |TAMS 0x0000000088900000, 0x0000000088900000| Untracked 
| 138|0x0000000088a00000, 0x0000000088a00000, 0x0000000088b00000|  0%| F|  |TAMS 0x0000000088a00000, 0x0000000088a00000| Untracked 
| 139|0x0000000088b00000, 0x0000000088b00000, 0x0000000088c00000|  0%| F|  |TAMS 0x0000000088b00000, 0x0000000088b00000| Untracked 
| 140|0x0000000088c00000, 0x0000000088c00000, 0x0000000088d00000|  0%| F|  |TAMS 0x0000000088c00000, 0x0000000088c00000| Untracked 
| 141|0x0000000088d00000, 0x0000000088d00000, 0x0000000088e00000|  0%| F|  |TAMS 0x0000000088d00000, 0x0000000088d00000| Untracked 
| 142|0x0000000088e00000, 0x0000000088e00000, 0x0000000088f00000|  0%| F|  |TAMS 0x0000000088e00000, 0x0000000088e00000| Untracked 
| 143|0x0000000088f00000, 0x0000000088f00000, 0x0000000089000000|  0%| F|  |TAMS 0x0000000088f00000, 0x0000000088f00000| Untracked 
| 144|0x0000000089000000, 0x0000000089000000, 0x0000000089100000|  0%| F|  |TAMS 0x0000000089000000, 0x0000000089000000| Untracked 
| 145|0x0000000089100000, 0x0000000089100000, 0x0000000089200000|  0%| F|  |TAMS 0x0000000089100000, 0x0000000089100000| Untracked 
| 146|0x0000000089200000, 0x0000000089200000, 0x0000000089300000|  0%| F|  |TAMS 0x0000000089200000, 0x0000000089200000| Untracked 
| 147|0x0000000089300000, 0x0000000089300000, 0x0000000089400000|  0%| F|  |TAMS 0x0000000089300000, 0x0000000089300000| Untracked 
| 148|0x0000000089400000, 0x0000000089400000, 0x0000000089500000|  0%| F|  |TAMS 0x0000000089400000, 0x0000000089400000| Untracked 
| 149|0x0000000089500000, 0x0000000089500000, 0x0000000089600000|  0%| F|  |TAMS 0x0000000089500000, 0x0000000089500000| Untracked 
| 150|0x0000000089600000, 0x0000000089600000, 0x0000000089700000|  0%| F|  |TAMS 0x0000000089600000, 0x0000000089600000| Untracked 
| 151|0x0000000089700000, 0x0000000089700000, 0x0000000089800000|  0%| F|  |TAMS 0x0000000089700000, 0x0000000089700000| Untracked 
| 152|0x0000000089800000, 0x0000000089800000, 0x0000000089900000|  0%| F|  |TAMS 0x0000000089800000, 0x0000000089800000| Untracked 
| 153|0x0000000089900000, 0x0000000089900000, 0x0000000089a00000|  0%| F|  |TAMS 0x0000000089900000, 0x0000000089900000| Untracked 
| 154|0x0000000089a00000, 0x0000000089a00000, 0x0000000089b00000|  0%| F|  |TAMS 0x0000000089a00000, 0x0000000089a00000| Untracked 
| 155|0x0000000089b00000, 0x0000000089b00000, 0x0000000089c00000|  0%| F|  |TAMS 0x0000000089b00000, 0x0000000089b00000| Untracked 
| 156|0x0000000089c00000, 0x0000000089c7b0a8, 0x0000000089d00000| 48%| S|CS|TAMS 0x0000000089c00000, 0x0000000089c00000| Complete 
| 157|0x0000000089d00000, 0x0000000089e00000, 0x0000000089e00000|100%| S|CS|TAMS 0x0000000089d00000, 0x0000000089d00000| Complete 
| 158|0x0000000089e00000, 0x0000000089f00000, 0x0000000089f00000|100%| S|CS|TAMS 0x0000000089e00000, 0x0000000089e00000| Complete 
| 159|0x0000000089f00000, 0x000000008a000000, 0x000000008a000000|100%| S|CS|TAMS 0x0000000089f00000, 0x0000000089f00000| Complete 
| 160|0x000000008a000000, 0x000000008a100000, 0x000000008a100000|100%| S|CS|TAMS 0x000000008a000000, 0x000000008a000000| Complete 
| 161|0x000000008a100000, 0x000000008a200000, 0x000000008a200000|100%| S|CS|TAMS 0x000000008a100000, 0x000000008a100000| Complete 
| 162|0x000000008a200000, 0x000000008a200000, 0x000000008a300000|  0%| F|  |TAMS 0x000000008a200000, 0x000000008a200000| Untracked 
| 163|0x000000008a300000, 0x000000008a300000, 0x000000008a400000|  0%| F|  |TAMS 0x000000008a300000, 0x000000008a300000| Untracked 
| 164|0x000000008a400000, 0x000000008a400000, 0x000000008a500000|  0%| F|  |TAMS 0x000000008a400000, 0x000000008a400000| Untracked 
| 165|0x000000008a500000, 0x000000008a500000, 0x000000008a600000|  0%| F|  |TAMS 0x000000008a500000, 0x000000008a500000| Untracked 
| 166|0x000000008a600000, 0x000000008a600000, 0x000000008a700000|  0%| F|  |TAMS 0x000000008a600000, 0x000000008a600000| Untracked 
| 167|0x000000008a700000, 0x000000008a700000, 0x000000008a800000|  0%| F|  |TAMS 0x000000008a700000, 0x000000008a700000| Untracked 
| 168|0x000000008a800000, 0x000000008a800000, 0x000000008a900000|  0%| F|  |TAMS 0x000000008a800000, 0x000000008a800000| Untracked 
| 169|0x000000008a900000, 0x000000008a900000, 0x000000008aa00000|  0%| F|  |TAMS 0x000000008a900000, 0x000000008a900000| Untracked 
| 170|0x000000008aa00000, 0x000000008aa00000, 0x000000008ab00000|  0%| F|  |TAMS 0x000000008aa00000, 0x000000008aa00000| Untracked 
| 171|0x000000008ab00000, 0x000000008ab00000, 0x000000008ac00000|  0%| F|  |TAMS 0x000000008ab00000, 0x000000008ab00000| Untracked 
| 172|0x000000008ac00000, 0x000000008ac00000, 0x000000008ad00000|  0%| F|  |TAMS 0x000000008ac00000, 0x000000008ac00000| Untracked 
| 173|0x000000008ad00000, 0x000000008ad00000, 0x000000008ae00000|  0%| F|  |TAMS 0x000000008ad00000, 0x000000008ad00000| Untracked 
| 174|0x000000008ae00000, 0x000000008ae00000, 0x000000008af00000|  0%| F|  |TAMS 0x000000008ae00000, 0x000000008ae00000| Untracked 
| 175|0x000000008af00000, 0x000000008af00000, 0x000000008b000000|  0%| F|  |TAMS 0x000000008af00000, 0x000000008af00000| Untracked 
| 176|0x000000008b000000, 0x000000008b000000, 0x000000008b100000|  0%| F|  |TAMS 0x000000008b000000, 0x000000008b000000| Untracked 
| 177|0x000000008b100000, 0x000000008b100000, 0x000000008b200000|  0%| F|  |TAMS 0x000000008b100000, 0x000000008b100000| Untracked 
| 178|0x000000008b200000, 0x000000008b200000, 0x000000008b300000|  0%| F|  |TAMS 0x000000008b200000, 0x000000008b200000| Untracked 
| 179|0x000000008b300000, 0x000000008b300000, 0x000000008b400000|  0%| F|  |TAMS 0x000000008b300000, 0x000000008b300000| Untracked 
| 180|0x000000008b400000, 0x000000008b400000, 0x000000008b500000|  0%| F|  |TAMS 0x000000008b400000, 0x000000008b400000| Untracked 
| 181|0x000000008b500000, 0x000000008b500000, 0x000000008b600000|  0%| F|  |TAMS 0x000000008b500000, 0x000000008b500000| Untracked 
| 182|0x000000008b600000, 0x000000008b600000, 0x000000008b700000|  0%| F|  |TAMS 0x000000008b600000, 0x000000008b600000| Untracked 
| 183|0x000000008b700000, 0x000000008b700000, 0x000000008b800000|  0%| F|  |TAMS 0x000000008b700000, 0x000000008b700000| Untracked 
| 184|0x000000008b800000, 0x000000008b800000, 0x000000008b900000|  0%| F|  |TAMS 0x000000008b800000, 0x000000008b800000| Untracked 
| 185|0x000000008b900000, 0x000000008b900000, 0x000000008ba00000|  0%| F|  |TAMS 0x000000008b900000, 0x000000008b900000| Untracked 
| 186|0x000000008ba00000, 0x000000008ba00000, 0x000000008bb00000|  0%| F|  |TAMS 0x000000008ba00000, 0x000000008ba00000| Untracked 
| 187|0x000000008bb00000, 0x000000008bb00000, 0x000000008bc00000|  0%| F|  |TAMS 0x000000008bb00000, 0x000000008bb00000| Untracked 
| 188|0x000000008bc00000, 0x000000008bcdb720, 0x000000008bd00000| 85%| E|  |TAMS 0x000000008bc00000, 0x000000008bc00000| Complete 
| 189|0x000000008bd00000, 0x000000008be00000, 0x000000008be00000|100%| E|CS|TAMS 0x000000008bd00000, 0x000000008bd00000| Complete 
| 190|0x000000008be00000, 0x000000008bf00000, 0x000000008bf00000|100%| E|CS|TAMS 0x000000008be00000, 0x000000008be00000| Complete 
| 191|0x000000008bf00000, 0x000000008c000000, 0x000000008c000000|100%| E|CS|TAMS 0x000000008bf00000, 0x000000008bf00000| Complete 
| 192|0x000000008c000000, 0x000000008c100000, 0x000000008c100000|100%| E|CS|TAMS 0x000000008c000000, 0x000000008c000000| Complete 
| 193|0x000000008c100000, 0x000000008c200000, 0x000000008c200000|100%| E|CS|TAMS 0x000000008c100000, 0x000000008c100000| Complete 
| 194|0x000000008c200000, 0x000000008c300000, 0x000000008c300000|100%| E|CS|TAMS 0x000000008c200000, 0x000000008c200000| Complete 
| 195|0x000000008c300000, 0x000000008c400000, 0x000000008c400000|100%| E|CS|TAMS 0x000000008c300000, 0x000000008c300000| Complete 
| 196|0x000000008c400000, 0x000000008c500000, 0x000000008c500000|100%| E|CS|TAMS 0x000000008c400000, 0x000000008c400000| Complete 
| 197|0x000000008c500000, 0x000000008c600000, 0x000000008c600000|100%| E|CS|TAMS 0x000000008c500000, 0x000000008c500000| Complete 
| 198|0x000000008c600000, 0x000000008c700000, 0x000000008c700000|100%| E|CS|TAMS 0x000000008c600000, 0x000000008c600000| Complete 
| 199|0x000000008c700000, 0x000000008c800000, 0x000000008c800000|100%| E|CS|TAMS 0x000000008c700000, 0x000000008c700000| Complete 
| 200|0x000000008c800000, 0x000000008c900000, 0x000000008c900000|100%| E|  |TAMS 0x000000008c800000, 0x000000008c800000| Complete 
| 201|0x000000008c900000, 0x000000008ca00000, 0x000000008ca00000|100%| E|CS|TAMS 0x000000008c900000, 0x000000008c900000| Complete 
| 202|0x000000008ca00000, 0x000000008cb00000, 0x000000008cb00000|100%| E|CS|TAMS 0x000000008ca00000, 0x000000008ca00000| Complete 
| 203|0x000000008cb00000, 0x000000008cc00000, 0x000000008cc00000|100%| E|CS|TAMS 0x000000008cb00000, 0x000000008cb00000| Complete 
| 204|0x000000008cc00000, 0x000000008cd00000, 0x000000008cd00000|100%| E|CS|TAMS 0x000000008cc00000, 0x000000008cc00000| Complete 
| 205|0x000000008cd00000, 0x000000008ce00000, 0x000000008ce00000|100%| E|CS|TAMS 0x000000008cd00000, 0x000000008cd00000| Complete 
| 206|0x000000008ce00000, 0x000000008cf00000, 0x000000008cf00000|100%| E|CS|TAMS 0x000000008ce00000, 0x000000008ce00000| Complete 
| 207|0x000000008cf00000, 0x000000008d000000, 0x000000008d000000|100%| E|CS|TAMS 0x000000008cf00000, 0x000000008cf00000| Complete 
| 208|0x000000008d000000, 0x000000008d100000, 0x000000008d100000|100%| E|CS|TAMS 0x000000008d000000, 0x000000008d000000| Complete 
| 209|0x000000008d100000, 0x000000008d200000, 0x000000008d200000|100%| E|CS|TAMS 0x000000008d100000, 0x000000008d100000| Complete 
| 210|0x000000008d200000, 0x000000008d300000, 0x000000008d300000|100%| E|CS|TAMS 0x000000008d200000, 0x000000008d200000| Complete 
| 211|0x000000008d300000, 0x000000008d400000, 0x000000008d400000|100%| E|CS|TAMS 0x000000008d300000, 0x000000008d300000| Complete 
| 212|0x000000008d400000, 0x000000008d500000, 0x000000008d500000|100%| E|CS|TAMS 0x000000008d400000, 0x000000008d400000| Complete 
| 213|0x000000008d500000, 0x000000008d600000, 0x000000008d600000|100%| E|CS|TAMS 0x000000008d500000, 0x000000008d500000| Complete 
| 214|0x000000008d600000, 0x000000008d700000, 0x000000008d700000|100%| E|CS|TAMS 0x000000008d600000, 0x000000008d600000| Complete 
| 215|0x000000008d700000, 0x000000008d800000, 0x000000008d800000|100%| E|CS|TAMS 0x000000008d700000, 0x000000008d700000| Complete 
| 216|0x000000008d800000, 0x000000008d900000, 0x000000008d900000|100%| E|CS|TAMS 0x000000008d800000, 0x000000008d800000| Complete 
| 217|0x000000008d900000, 0x000000008da00000, 0x000000008da00000|100%| E|CS|TAMS 0x000000008d900000, 0x000000008d900000| Complete 
| 218|0x000000008da00000, 0x000000008db00000, 0x000000008db00000|100%| E|CS|TAMS 0x000000008da00000, 0x000000008da00000| Complete 
| 219|0x000000008db00000, 0x000000008dc00000, 0x000000008dc00000|100%| E|CS|TAMS 0x000000008db00000, 0x000000008db00000| Complete 

Card table byte_map: [0x0000026f35d90000,0x0000026f36190000] _byte_map_base: 0x0000026f35990000

Marking Bits (Prev, Next): (CMBitMap*) 0x0000026f22ace508, (CMBitMap*) 0x0000026f22ace540
 Prev Bits: [0x0000026f36590000, 0x0000026f38590000)
 Next Bits: [0x0000026f38590000, 0x0000026f3a590000)

Polling page: 0x0000026f21430000

Metaspace:

Usage:
  Non-class:     83.41 MB capacity,    81.90 MB ( 98%) used,     1.24 MB (  1%) free+waste,   276.75 KB ( <1%) overhead. 
      Class:     13.04 MB capacity,    12.14 MB ( 93%) used,   802.99 KB (  6%) free+waste,   123.25 KB ( <1%) overhead. 
       Both:     96.45 MB capacity,    94.04 MB ( 97%) used,     2.02 MB (  2%) free+waste,   400.00 KB ( <1%) overhead. 

Virtual space:
  Non-class space:       84.00 MB reserved,      83.50 MB (>99%) committed 
      Class space:        1.00 GB reserved,      13.13 MB (  1%) committed 
             Both:        1.08 GB reserved,      96.63 MB (  9%) committed 

Chunk freelists:
   Non-Class:  30.00 KB
       Class:  20.00 KB
        Both:  50.00 KB

MaxMetaspaceSize: 17179869184.00 GB
CompressedClassSpaceSize: 1.00 GB

CodeHeap 'non-profiled nmethods': size=120064Kb used=6515Kb max_used=6515Kb free=113548Kb
 bounds [0x0000026f2e040000, 0x0000026f2e6a0000, 0x0000026f35580000]
CodeHeap 'profiled nmethods': size=120000Kb used=27124Kb max_used=27124Kb free=92875Kb
 bounds [0x0000026f26b10000, 0x0000026f28590000, 0x0000026f2e040000]
CodeHeap 'non-nmethods': size=5696Kb used=2307Kb max_used=2350Kb free=3388Kb
 bounds [0x0000026f26580000, 0x0000026f267f0000, 0x0000026f26b10000]
 total_blobs=13110 nmethods=12178 adapters=842
 compilation: enabled
              stopped_count=0, restarted_count=0
 full_count=0

Compilation events (20 events):
Event: 73.818 Thread 0x0000026f3c9c7000 nmethod 12252 0x0000026f2e697e90 code [0x0000026f2e698020, 0x0000026f2e698078]
Event: 73.819 Thread 0x0000026f3c9c7000 12255       4       java.io.ObjectOutputStream$BlockDataOutputStream::writeShort (47 bytes)
Event: 73.821 Thread 0x0000026f3c9c7000 nmethod 12255 0x0000026f2e698110 code [0x0000026f2e6982c0, 0x0000026f2e698458]
Event: 73.827 Thread 0x0000026f3c9c7000 12256       4       jdk.internal.misc.Unsafe::copyMemory (33 bytes)
Event: 73.833 Thread 0x0000026f3c9c7000 nmethod 12256 0x0000026f2e698610 code [0x0000026f2e6987a0, 0x0000026f2e698a38]
Event: 73.835 Thread 0x0000026f3c9c7000 12257       4       org.gradle.internal.snapshot.ChildMap$Entry::handlePath (135 bytes)
Event: 73.919 Thread 0x0000026f3c9c7000 nmethod 12257 0x0000026f2e698d10 code [0x0000026f2e699100, 0x0000026f2e69b210]
Event: 73.923 Thread 0x0000026f3c9d1000 12258       3       org.gradle.api.internal.AbstractTask::getTaskActions (24 bytes)
Event: 73.923 Thread 0x0000026f3c9d1000 nmethod 12258 0x0000026f28589e90 code [0x0000026f2858a060, 0x0000026f2858a288]
Event: 73.924 Thread 0x0000026f3c9d1000 12259       3       org.gradle.internal.logging.console.BuildLogLevelFilterRenderer::onOutput (53 bytes)
Event: 73.924 Thread 0x0000026f3c9d1000 nmethod 12259 0x0000026f2858a390 code [0x0000026f2858a5a0, 0x0000026f2858ac58]
Event: 73.924 Thread 0x0000026f3c9d1000 12260       3       org.gradle.internal.logging.sink.ProgressLogEventGenerator::onOutput (72 bytes)
Event: 73.925 Thread 0x0000026f3c9d1000 nmethod 12260 0x0000026f2858ae10 code [0x0000026f2858b040, 0x0000026f2858ba38]
Event: 73.941 Thread 0x0000026f3c9d1000 12261       3       org.gradle.api.internal.tasks.properties.GetOutputFilesVisitor::visitOutputFileProperty (39 bytes)
Event: 73.942 Thread 0x0000026f3c9d1000 nmethod 12261 0x0000026f2858bb90 code [0x0000026f2858bdc0, 0x0000026f2858c538]
Event: 73.943 Thread 0x0000026f3c9d1000 12262       1       org.gradle.api.internal.tasks.properties.DefaultTaskProperties::getInputFileProperties (5 bytes)
Event: 73.943 Thread 0x0000026f3c9d1000 nmethod 12262 0x0000026f2e69ca90 code [0x0000026f2e69cc40, 0x0000026f2e69ccf8]
Event: 73.944 Thread 0x0000026f3c9c7000 12263   !   4       java.io.ObjectOutputStream::writeObject0 (619 bytes)
Event: 74.040 Thread 0x0000026f3c9d1000 12264       3       java.io.ObjectOutputStream$HandleTable::growSpine (67 bytes)
Event: 74.041 Thread 0x0000026f3c9d1000 nmethod 12264 0x0000026f2858c810 code [0x0000026f2858ca00, 0x0000026f2858cd98]

GC Heap History (20 events):
Event: 37.279 GC heap before
{Heap before GC invocations=26 (full 0):
 garbage-first heap   total 225280K, used 86298K [0x0000000080000000, 0x0000000100000000)
  region size 1024K, 11 young (11264K), 1 survivors (1024K)
 Metaspace       used 84466K, capacity 86442K, committed 86656K, reserved 1124352K
  class space    used 10893K, capacity 11626K, committed 11648K, reserved 1048576K
}
Event: 37.289 GC heap after
{Heap after GC invocations=27 (full 0):
 garbage-first heap   total 225280K, used 76735K [0x0000000080000000, 0x0000000100000000)
  region size 1024K, 2 young (2048K), 2 survivors (2048K)
 Metaspace       used 84466K, capacity 86442K, committed 86656K, reserved 1124352K
  class space    used 10893K, capacity 11626K, committed 11648K, reserved 1048576K
}
Event: 38.145 GC heap before
{Heap before GC invocations=27 (full 0):
 garbage-first heap   total 225280K, used 86975K [0x0000000080000000, 0x0000000100000000)
  region size 1024K, 13 young (13312K), 2 survivors (2048K)
 Metaspace       used 85469K, capacity 87506K, committed 87680K, reserved 1124352K
  class space    used 11084K, capacity 11862K, committed 11904K, reserved 1048576K
}
Event: 38.157 GC heap after
{Heap after GC invocations=28 (full 0):
 garbage-first heap   total 225280K, used 77793K [0x0000000080000000, 0x0000000100000000)
  region size 1024K, 2 young (2048K), 2 survivors (2048K)
 Metaspace       used 85469K, capacity 87506K, committed 87680K, reserved 1124352K
  class space    used 11084K, capacity 11862K, committed 11904K, reserved 1048576K
}
Event: 39.402 GC heap before
{Heap before GC invocations=28 (full 0):
 garbage-first heap   total 225280K, used 90081K [0x0000000080000000, 0x0000000100000000)
  region size 1024K, 15 young (15360K), 2 survivors (2048K)
 Metaspace       used 86283K, capacity 88381K, committed 88576K, reserved 1126400K
  class space    used 11174K, capacity 11974K, committed 12032K, reserved 1048576K
}
Event: 39.417 GC heap after
{Heap after GC invocations=29 (full 0):
 garbage-first heap   total 225280K, used 78776K [0x0000000080000000, 0x0000000100000000)
  region size 1024K, 2 young (2048K), 2 survivors (2048K)
 Metaspace       used 86283K, capacity 88381K, committed 88576K, reserved 1126400K
  class space    used 11174K, capacity 11974K, committed 12032K, reserved 1048576K
}
Event: 40.242 GC heap before
{Heap before GC invocations=29 (full 0):
 garbage-first heap   total 225280K, used 93112K [0x0000000080000000, 0x0000000100000000)
  region size 1024K, 17 young (17408K), 2 survivors (2048K)
 Metaspace       used 86600K, capacity 88785K, committed 88832K, reserved 1126400K
  class space    used 11202K, capacity 11997K, committed 12032K, reserved 1048576K
}
Event: 40.258 GC heap after
{Heap after GC invocations=30 (full 0):
 garbage-first heap   total 225280K, used 80461K [0x0000000080000000, 0x0000000100000000)
  region size 1024K, 3 young (3072K), 3 survivors (3072K)
 Metaspace       used 86600K, capacity 88785K, committed 88832K, reserved 1126400K
  class space    used 11202K, capacity 11997K, committed 12032K, reserved 1048576K
}
Event: 42.009 GC heap before
{Heap before GC invocations=30 (full 0):
 garbage-first heap   total 225280K, used 97869K [0x0000000080000000, 0x0000000100000000)
  region size 1024K, 21 young (21504K), 3 survivors (3072K)
 Metaspace       used 86844K, capacity 89032K, committed 89088K, reserved 1126400K
  class space    used 11211K, capacity 12007K, committed 12032K, reserved 1048576K
}
Event: 42.026 GC heap after
{Heap after GC invocations=31 (full 0):
 garbage-first heap   total 225280K, used 81357K [0x0000000080000000, 0x0000000100000000)
  region size 1024K, 3 young (3072K), 3 survivors (3072K)
 Metaspace       used 86844K, capacity 89032K, committed 89088K, reserved 1126400K
  class space    used 11211K, capacity 12007K, committed 12032K, reserved 1048576K
}
Event: 43.553 GC heap before
{Heap before GC invocations=31 (full 0):
 garbage-first heap   total 225280K, used 103885K [0x0000000080000000, 0x0000000100000000)
  region size 1024K, 25 young (25600K), 3 survivors (3072K)
 Metaspace       used 87632K, capacity 89800K, committed 89984K, reserved 1126400K
  class space    used 11303K, capacity 12118K, committed 12160K, reserved 1048576K
}
Event: 43.569 GC heap after
{Heap after GC invocations=32 (full 0):
 garbage-first heap   total 225280K, used 83009K [0x0000000080000000, 0x0000000100000000)
  region size 1024K, 3 young (3072K), 3 survivors (3072K)
 Metaspace       used 87632K, capacity 89800K, committed 89984K, reserved 1126400K
  class space    used 11303K, capacity 12118K, committed 12160K, reserved 1048576K
}
Event: 44.378 GC heap before
{Heap before GC invocations=32 (full 0):
 garbage-first heap   total 225280K, used 109633K [0x0000000080000000, 0x0000000100000000)
  region size 1024K, 30 young (30720K), 3 survivors (3072K)
 Metaspace       used 89120K, capacity 91279K, committed 91520K, reserved 1128448K
  class space    used 11507K, capacity 12310K, committed 12416K, reserved 1048576K
}
Event: 44.394 GC heap after
{Heap after GC invocations=33 (full 0):
 garbage-first heap   total 225280K, used 84050K [0x0000000080000000, 0x0000000100000000)
  region size 1024K, 3 young (3072K), 3 survivors (3072K)
 Metaspace       used 89120K, capacity 91279K, committed 91520K, reserved 1128448K
  class space    used 11507K, capacity 12310K, committed 12416K, reserved 1048576K
}
Event: 45.179 GC heap before
{Heap before GC invocations=33 (full 0):
 garbage-first heap   total 225280K, used 118866K [0x0000000080000000, 0x0000000100000000)
  region size 1024K, 37 young (37888K), 3 survivors (3072K)
 Metaspace       used 91875K, capacity 94063K, committed 94080K, reserved 1130496K
  class space    used 11834K, capacity 12662K, committed 12672K, reserved 1048576K
}
Event: 45.194 GC heap after
{Heap after GC invocations=34 (full 0):
 garbage-first heap   total 225280K, used 85498K [0x0000000080000000, 0x0000000100000000)
  region size 1024K, 3 young (3072K), 3 survivors (3072K)
 Metaspace       used 91875K, capacity 94063K, committed 94080K, reserved 1130496K
  class space    used 11834K, capacity 12662K, committed 12672K, reserved 1048576K
}
Event: 50.736 GC heap before
{Heap before GC invocations=34 (full 0):
 garbage-first heap   total 225280K, used 129530K [0x0000000080000000, 0x0000000100000000)
  region size 1024K, 46 young (47104K), 3 survivors (3072K)
 Metaspace       used 94006K, capacity 96227K, committed 96384K, reserved 1132544K
  class space    used 12103K, capacity 12928K, committed 12928K, reserved 1048576K
}
Event: 50.756 GC heap after
{Heap after GC invocations=35 (full 0):
 garbage-first heap   total 225280K, used 89375K [0x0000000080000000, 0x0000000100000000)
  region size 1024K, 6 young (6144K), 6 survivors (6144K)
 Metaspace       used 94006K, capacity 96227K, committed 96384K, reserved 1132544K
  class space    used 12103K, capacity 12928K, committed 12928K, reserved 1048576K
}
Event: 72.095 GC heap before
{Heap before GC invocations=35 (full 0):
 garbage-first heap   total 225280K, used 141599K [0x0000000080000000, 0x0000000100000000)
  region size 1024K, 58 young (59392K), 6 survivors (6144K)
 Metaspace       used 96235K, capacity 98690K, committed 98944K, reserved 1134592K
  class space    used 12426K, capacity 13354K, committed 13440K, reserved 1048576K
}
Event: 72.128 GC heap after
{Heap after GC invocations=36 (full 0):
 garbage-first heap   total 225280K, used 91463K [0x0000000080000000, 0x0000000100000000)
  region size 1024K, 6 young (6144K), 6 survivors (6144K)
 Metaspace       used 96235K, capacity 98690K, committed 98944K, reserved 1134592K
  class space    used 12426K, capacity 13354K, committed 13440K, reserved 1048576K
}

Deoptimization events (20 events):
Event: 72.078 Thread 0x0000026f3e8bb000 DEOPT PACKING pc=0x0000026f283d8044 sp=0x000000b2f72fd970
Event: 72.078 Thread 0x0000026f3e8bb000 DEOPT UNPACKING pc=0x0000026f265a6abf sp=0x000000b2f72fcf10 mode 0
Event: 72.509 Thread 0x0000026f45a7c000 DEOPT PACKING pc=0x0000026f283d8044 sp=0x000000b2f77f87f0
Event: 72.509 Thread 0x0000026f45a7c000 DEOPT UNPACKING pc=0x0000026f265a6abf sp=0x000000b2f77f7d90 mode 0
Event: 72.977 Thread 0x0000026f3e8bb000 DEOPT PACKING pc=0x0000026f283d8044 sp=0x000000b2f72fd970
Event: 72.977 Thread 0x0000026f3e8bb000 DEOPT UNPACKING pc=0x0000026f265a6abf sp=0x000000b2f72fcf10 mode 0
Event: 73.159 Thread 0x0000026f45a7c000 DEOPT PACKING pc=0x0000026f283d8044 sp=0x000000b2f77f9020
Event: 73.159 Thread 0x0000026f45a7c000 DEOPT UNPACKING pc=0x0000026f265a6abf sp=0x000000b2f77f85c0 mode 0
Event: 73.469 Thread 0x0000026f45a7c000 Uncommon trap: trap_request=0xffffffde fr.pc=0x0000026f2e63ad1c relative=0x000000000000055c
Event: 73.469 Thread 0x0000026f45a7c000 Uncommon trap: reason=class_check action=maybe_recompile pc=0x0000026f2e63ad1c method=org.gradle.internal.snapshot.SnapshotUtil$1.handleUnrelatedToAnyChild()Ljava/util/Optional; @ 4 c2
Event: 73.469 Thread 0x0000026f45a7c000 DEOPT PACKING pc=0x0000026f2e63ad1c sp=0x000000b2f77fb5c0
Event: 73.470 Thread 0x0000026f45a7c000 DEOPT UNPACKING pc=0x0000026f265a6ca9 sp=0x000000b2f77fb4a8 mode 2
Event: 73.489 Thread 0x0000026f45a7c000 Uncommon trap: trap_request=0xffffffde fr.pc=0x0000026f2e63ad1c relative=0x000000000000055c
Event: 73.489 Thread 0x0000026f45a7c000 Uncommon trap: reason=class_check action=maybe_recompile pc=0x0000026f2e63ad1c method=org.gradle.internal.snapshot.SnapshotUtil$1.handleUnrelatedToAnyChild()Ljava/util/Optional; @ 4 c2
Event: 73.489 Thread 0x0000026f45a7c000 DEOPT PACKING pc=0x0000026f2e63ad1c sp=0x000000b2f77fb4c0
Event: 73.489 Thread 0x0000026f45a7c000 DEOPT UNPACKING pc=0x0000026f265a6ca9 sp=0x000000b2f77fb3a8 mode 2
Event: 73.627 Thread 0x0000026f45a7c000 DEOPT PACKING pc=0x0000026f283d8044 sp=0x000000b2f77f9020
Event: 73.627 Thread 0x0000026f45a7c000 DEOPT UNPACKING pc=0x0000026f265a6abf sp=0x000000b2f77f85c0 mode 0
Event: 73.774 Thread 0x0000026f3e8b2000 DEOPT PACKING pc=0x0000026f283d8044 sp=0x000000b2f71fdb30
Event: 73.774 Thread 0x0000026f3e8b2000 DEOPT UNPACKING pc=0x0000026f265a6abf sp=0x000000b2f71fd0d0 mode 0

Classes redefined (0 events):
No events

Internal exceptions (20 events):
Event: 53.943 Thread 0x0000026f45a7c000 Exception <a 'java/lang/NoSuchMethodError'{0x000000008d489e98}: <clinit>> (0x000000008d489e98) thrown at [./src/hotspot/share/prims/jni.cpp, line 1362]
Event: 55.276 Thread 0x0000026f45a7c000 Exception <a 'java/lang/NoSuchMethodError'{0x000000008d323d20}: 'java.lang.Object java.lang.invoke.DirectMethodHandle$Holder.invokeSpecial(java.lang.Object, java.lang.Object, int, int, java.lang.Object, int, java.lang.Object, java.lang.Object)'> (0x000000008d323d20) thrown at [./src/hotspot/share/interpreter/linkResolver.cpp, line 773]
Event: 55.276 Thread 0x0000026f45a7c000 Exception <a 'java/lang/NoSuchMethodError'{0x000000008d3280a8}: 'java.lang.Object java.lang.invoke.DelegatingMethodHandle$Holder.reinvoke_L(java.lang.Object, int, int, java.lang.Object, int, java.lang.Object, java.lang.Object)'> (0x000000008d3280a8) thrown at [./src/hotspot/share/interpreter/linkResolver.cpp, line 773]
Event: 55.482 Thread 0x0000026f45a7c000 Exception <a 'java/lang/NoSuchMethodError'{0x000000008d3531c0}: 'java.lang.Object java.lang.invoke.DirectMethodHandle$Holder.invokeStatic(java.lang.Object, java.lang.Object, java.lang.Object, java.lang.Object, java.lang.Object, java.lang.Object, java.lang.Object, java.lang.Object, int)'> (0x000000008d3531c0) thrown at [./src/hotspot/share/interpreter/linkResolver.cpp, line 773]
Event: 55.584 Thread 0x0000026f45a7c000 Exception <a 'java/lang/NoSuchMethodError'{0x000000008d36e460}: 'java.lang.Object java.lang.invoke.DirectMethodHandle$Holder.invokeStatic(java.lang.Object, java.lang.Object, java.lang.Object, java.lang.Object, java.lang.Object, java.lang.Object, java.lang.Object, java.lang.Object, int, int)'> (0x000000008d36e460) thrown at [./src/hotspot/share/interpreter/linkResolver.cpp, line 773]
Event: 55.595 Thread 0x0000026f45a7c000 Exception <a 'java/lang/NoSuchMethodError'{0x000000008d3910d8}: 'java.lang.Object java.lang.invoke.DirectMethodHandle$Holder.invokeStatic(java.lang.Object, java.lang.Object, java.lang.Object, java.lang.Object, java.lang.Object, java.lang.Object, java.lang.Object, java.lang.Object, int, int, java.lang.Object)'> (0x000000008d3910d8) thrown at [./src/hotspot/share/interpreter/linkResolver.cpp, line 773]
Event: 55.599 Thread 0x0000026f45a7c000 Exception <a 'java/lang/NoSuchMethodError'{0x000000008d3ae650}: 'java.lang.Object java.lang.invoke.DirectMethodHandle$Holder.invokeStatic(java.lang.Object, java.lang.Object, java.lang.Object, java.lang.Object, java.lang.Object, java.lang.Object, java.lang.Object, java.lang.Object, int, int, java.lang.Object, java.lang.Object)'> (0x000000008d3ae650) thrown at [./src/hotspot/share/interpreter/linkResolver.cpp, line 773]
Event: 55.685 Thread 0x0000026f45a7c000 Exception <a 'java/lang/NoSuchMethodError'{0x000000008d3e1410}: <clinit>> (0x000000008d3e1410) thrown at [./src/hotspot/share/prims/jni.cpp, line 1362]
Event: 55.689 Thread 0x0000026f45a7c000 Exception <a 'java/lang/NoSuchMethodError'{0x000000008d214170}: <clinit>> (0x000000008d214170) thrown at [./src/hotspot/share/prims/jni.cpp, line 1362]
Event: 55.733 Thread 0x0000026f45a7e000 Exception <a 'java/lang/InterruptedException'{0x000000008d280800}> (0x000000008d280800) thrown at [./src/hotspot/share/runtime/objectMonitor.cpp, line 1635]
Event: 55.737 Thread 0x0000026f45a7e000 Exception <a 'java/lang/NoSuchMethodError'{0x000000008d288608}: 'java.lang.Object java.lang.invoke.DirectMethodHandle$Holder.invokeStatic(java.lang.Object, java.lang.Object, int, java.lang.Object, long)'> (0x000000008d288608) thrown at [./src/hotspot/share/interpreter/linkResolver.cpp, line 773]
Event: 55.743 Thread 0x0000026f45a7c000 Exception <a 'java/lang/NoSuchMethodError'{0x000000008d25b778}: <clinit>> (0x000000008d25b778) thrown at [./src/hotspot/share/prims/jni.cpp, line 1362]
Event: 55.744 Thread 0x0000026f45a7c000 Exception <a 'java/lang/NoSuchMethodError'{0x000000008d26d570}: <clinit>> (0x000000008d26d570) thrown at [./src/hotspot/share/prims/jni.cpp, line 1362]
Event: 55.745 Thread 0x0000026f45a7c000 Exception <a 'java/lang/NoSuchMethodError'{0x000000008d27f340}: <clinit>> (0x000000008d27f340) thrown at [./src/hotspot/share/prims/jni.cpp, line 1362]
Event: 55.754 Thread 0x0000026f45a7c000 Exception <a 'java/lang/NoSuchMethodError'{0x000000008d2bec00}: <clinit>> (0x000000008d2bec00) thrown at [./src/hotspot/share/prims/jni.cpp, line 1362]
Event: 55.939 Thread 0x0000026f45a7c000 Exception <a 'java/lang/NoSuchMethodError'{0x000000008d076a78}: <clinit>> (0x000000008d076a78) thrown at [./src/hotspot/share/prims/jni.cpp, line 1362]
Event: 56.338 Thread 0x0000026f45a82000 Exception <a 'java/lang/NoSuchMethodError'{0x000000008ce7ba98}: 'java.lang.Object java.lang.invoke.DirectMethodHandle$Holder.invokeStatic(java.lang.Object, java.lang.Object, java.lang.Object, java.lang.Object, java.lang.Object, java.lang.Object, java.lang.Object, java.lang.Object, java.lang.Object, java.lang.Object, java.lang.Object, java.lang.Object, java.lang.Object, int)'> (0x000000008ce7ba98) thrown at [./src/hotspot/share/interpreter/linkResolver.cpp, line 773]
Event: 56.339 Thread 0x0000026f45a82000 Exception <a 'java/lang/NoSuchMethodError'{0x000000008ce882c0}: 'java.lang.Object java.lang.invoke.DirectMethodHandle$Holder.invokeStatic(java.lang.Object, java.lang.Object, java.lang.Object, java.lang.Object, java.lang.Object, java.lang.Object, java.lang.Object, java.lang.Object, java.lang.Object, java.lang.Object, java.lang.Object, java.lang.Object, java.lang.Object, int, int)'> (0x000000008ce882c0) thrown at [./src/hotspot/share/interpreter/linkResolver.cpp, line 773]
Event: 70.459 Thread 0x0000026f45a7c000 Exception <a 'java/lang/NoSuchMethodError'{0x000000008ccaa898}: 'void java.lang.invoke.DirectMethodHandle$Holder.invokeStatic(java.lang.Object, java.lang.Object, java.lang.Object, java.lang.Object, java.lang.Object, java.lang.Object, java.lang.Object)'> (0x000000008ccaa898) thrown at [./src/hotspot/share/interpreter/linkResolver.cpp, line 773]
Event: 70.503 Thread 0x0000026f3d844000 Exception <a 'java/lang/NoSuchMethodError'{0x000000008ca93a50}: <clinit>> (0x000000008ca93a50) thrown at [./src/hotspot/share/prims/jni.cpp, line 1362]

Events (20 events):
Event: 73.157 Executing VM operation: RevokeBias
Event: 73.158 Executing VM operation: RevokeBias done
Event: 73.162 Executing VM operation: RevokeBias
Event: 73.162 Executing VM operation: RevokeBias done
Event: 73.167 Executing VM operation: RevokeBias
Event: 73.168 Executing VM operation: RevokeBias done
Event: 73.172 Executing VM operation: RevokeBias
Event: 73.172 Executing VM operation: RevokeBias done
Event: 73.516 Executing VM operation: RevokeBias
Event: 73.517 Executing VM operation: RevokeBias done
Event: 73.517 Executing VM operation: RevokeBias
Event: 73.517 Executing VM operation: RevokeBias done
Event: 73.517 Executing VM operation: RevokeBias
Event: 73.518 Executing VM operation: RevokeBias done
Event: 73.518 Executing VM operation: RevokeBias
Event: 73.518 Executing VM operation: RevokeBias done
Event: 73.684 Executing VM operation: RevokeBias
Event: 73.685 Executing VM operation: RevokeBias done
Event: 73.688 Executing VM operation: RevokeBias
Event: 73.688 Executing VM operation: RevokeBias done


Dynamic libraries:
0x00007ff760be0000 - 0x00007ff760bea000 	C:\Users\login\AppData\Local\JetBrains\Toolbox\apps\AndroidStudio\ch-0\203.7621141\jre\bin\java.exe
0x00007fff0b9b0000 - 0x00007fff0bba5000 	C:\Windows\SYSTEM32\ntdll.dll
0x00007fff0af40000 - 0x00007fff0affe000 	C:\Windows\System32\KERNEL32.DLL
0x00007fff095f0000 - 0x00007fff098b9000 	C:\Windows\System32\KERNELBASE.dll
0x00007fff090d0000 - 0x00007fff091d0000 	C:\Windows\System32\ucrtbase.dll
0x00007ffeedf80000 - 0x00007ffeedf99000 	C:\Users\login\AppData\Local\JetBrains\Toolbox\apps\AndroidStudio\ch-0\203.7621141\jre\bin\jli.dll
0x00007fff0b000000 - 0x00007fff0b1a1000 	C:\Windows\System32\USER32.dll
0x00007fff094c0000 - 0x00007fff094e2000 	C:\Windows\System32\win32u.dll
0x00007fff0b1b0000 - 0x00007fff0b1db000 	C:\Windows\System32\GDI32.dll
0x00007fff098f0000 - 0x00007fff099fb000 	C:\Windows\System32\gdi32full.dll
0x00007fff09420000 - 0x00007fff094bd000 	C:\Windows\System32\msvcp_win.dll
0x00007ffee1d60000 - 0x00007ffee1d77000 	C:\Users\login\AppData\Local\JetBrains\Toolbox\apps\AndroidStudio\ch-0\203.7621141\jre\bin\VCRUNTIME140.dll
0x00007ffeed060000 - 0x00007ffeed2fa000 	C:\Windows\WinSxS\amd64_microsoft.windows.common-controls_6595b64144ccf1df_6.0.19041.1110_none_60b5254171f9507e\COMCTL32.dll
0x00007fff0abb0000 - 0x00007fff0ac4e000 	C:\Windows\System32\msvcrt.dll
0x00007fff0b7a0000 - 0x00007fff0b7d0000 	C:\Windows\System32\IMM32.DLL
0x00007ffede7e0000 - 0x00007ffede87d000 	C:\Users\login\AppData\Local\JetBrains\Toolbox\apps\AndroidStudio\ch-0\203.7621141\jre\bin\msvcp140.dll
0x00007ffec6070000 - 0x00007ffec6b3f000 	C:\Users\login\AppData\Local\JetBrains\Toolbox\apps\AndroidStudio\ch-0\203.7621141\jre\bin\server\jvm.dll
0x00007fff0a6d0000 - 0x00007fff0a77c000 	C:\Windows\System32\ADVAPI32.dll
0x00007fff0b8d0000 - 0x00007fff0b96b000 	C:\Windows\System32\sechost.dll
0x00007fff0b260000 - 0x00007fff0b38a000 	C:\Windows\System32\RPCRT4.dll
0x00007fff0b860000 - 0x00007fff0b868000 	C:\Windows\System32\PSAPI.DLL
0x00007ffeeea50000 - 0x00007ffeeea59000 	C:\Windows\SYSTEM32\WSOCK32.dll
0x00007fff0ad00000 - 0x00007fff0ad6b000 	C:\Windows\System32\WS2_32.dll
0x00007ffef7fe0000 - 0x00007ffef8007000 	C:\Windows\SYSTEM32\WINMM.dll
0x00007ffeffef0000 - 0x00007ffeffefa000 	C:\Windows\SYSTEM32\VERSION.dll
0x00007fff06fd0000 - 0x00007fff06fe2000 	C:\Windows\SYSTEM32\kernel.appcore.dll
0x00007ffeff5e0000 - 0x00007ffeff5f1000 	C:\Users\login\AppData\Local\JetBrains\Toolbox\apps\AndroidStudio\ch-0\203.7621141\jre\bin\verify.dll
0x00007ffef4f40000 - 0x00007ffef5124000 	C:\Windows\SYSTEM32\DBGHELP.DLL
0x00007ffef4b90000 - 0x00007ffef4bbc000 	C:\Windows\SYSTEM32\dbgcore.DLL
0x00007fff09390000 - 0x00007fff09413000 	C:\Windows\System32\bcryptPrimitives.dll
0x00007ffeff5b0000 - 0x00007ffeff5d9000 	C:\Users\login\AppData\Local\JetBrains\Toolbox\apps\AndroidStudio\ch-0\203.7621141\jre\bin\java.dll
0x00007ffeff5a0000 - 0x00007ffeff5ab000 	C:\Users\login\AppData\Local\JetBrains\Toolbox\apps\AndroidStudio\ch-0\203.7621141\jre\bin\jimage.dll
0x00007ffeff580000 - 0x00007ffeff598000 	C:\Users\login\AppData\Local\JetBrains\Toolbox\apps\AndroidStudio\ch-0\203.7621141\jre\bin\zip.dll
0x00007fff09e80000 - 0x00007fff0a5bf000 	C:\Windows\System32\SHELL32.dll
0x00007fff071d0000 - 0x00007fff07960000 	C:\Windows\SYSTEM32\windows.storage.dll
0x00007fff0a780000 - 0x00007fff0aad5000 	C:\Windows\System32\combase.dll
0x00007fff08a50000 - 0x00007fff08a7c000 	C:\Windows\SYSTEM32\Wldp.dll
0x00007fff0ac50000 - 0x00007fff0acfe000 	C:\Windows\System32\SHCORE.dll
0x00007fff0a5c0000 - 0x00007fff0a615000 	C:\Windows\System32\shlwapi.dll
0x00007fff09010000 - 0x00007fff0902f000 	C:\Windows\SYSTEM32\profapi.dll
0x00007ffeff4f0000 - 0x00007ffeff50a000 	C:\Users\login\AppData\Local\JetBrains\Toolbox\apps\AndroidStudio\ch-0\203.7621141\jre\bin\net.dll
0x00007ffef9850000 - 0x00007ffef9958000 	C:\Windows\SYSTEM32\WINHTTP.dll
0x00007fff087b0000 - 0x00007fff0881a000 	C:\Windows\system32\mswsock.dll
0x00007ffeff4d0000 - 0x00007ffeff4e4000 	C:\Users\login\AppData\Local\JetBrains\Toolbox\apps\AndroidStudio\ch-0\203.7621141\jre\bin\nio.dll
0x00007fff02060000 - 0x00007fff02087000 	C:\Users\login\.gradle\native\8bec1ad78214c89d9ad589b4d07fe93259594b29d510b10fafb7a158f7737e5d\windows-amd64\native-platform.dll
0x00007ffed96c0000 - 0x00007ffed97fd000 	C:\Users\login\.gradle\native\53dbd7edfb1c66fb8903c78663c9afc45aea4f116125fa6feffd364cf09443e8\windows-amd64\native-platform-file-events.dll
0x00007ffee3ed0000 - 0x00007ffee3eda000 	C:\Users\login\AppData\Local\JetBrains\Toolbox\apps\AndroidStudio\ch-0\203.7621141\jre\bin\management.dll
0x00007ffede9e0000 - 0x00007ffede9ec000 	C:\Users\login\AppData\Local\JetBrains\Toolbox\apps\AndroidStudio\ch-0\203.7621141\jre\bin\management_ext.dll
0x00007fff089b0000 - 0x00007fff089c8000 	C:\Windows\SYSTEM32\CRYPTSP.dll
0x00007fff08130000 - 0x00007fff08164000 	C:\Windows\system32\rsaenh.dll
0x00007fff098c0000 - 0x00007fff098e7000 	C:\Windows\System32\bcrypt.dll
0x00007fff08fd0000 - 0x00007fff08ffe000 	C:\Windows\SYSTEM32\USERENV.dll
0x00007fff089a0000 - 0x00007fff089ac000 	C:\Windows\SYSTEM32\CRYPTBASE.dll
0x00007fff084a0000 - 0x00007fff084db000 	C:\Windows\SYSTEM32\IPHLPAPI.DLL
0x00007fff0b7f0000 - 0x00007fff0b7f8000 	C:\Windows\System32\NSI.dll
0x00007ffeff820000 - 0x00007ffeff837000 	C:\Windows\SYSTEM32\dhcpcsvc6.DLL
0x00007ffeffa80000 - 0x00007ffeffa9d000 	C:\Windows\SYSTEM32\dhcpcsvc.DLL
0x00007fff084e0000 - 0x00007fff085ac000 	C:\Windows\SYSTEM32\DNSAPI.dll
0x00007ffee1d40000 - 0x00007ffee1d5e000 	C:\Users\login\AppData\Local\Temp\native-platform5554870123601836114dir\native-platform.dll
0x00007fff00e40000 - 0x00007fff00e48000 	C:\Users\login\AppData\Local\JetBrains\Toolbox\apps\AndroidStudio\ch-0\203.7621141\jre\bin\rmi.dll

dbghelp: loaded successfully - version: 4.0.5 - missing functions: none
symbol engine: initialized successfully - sym options: 0x614 - pdb path: .;C:\Users\login\AppData\Local\JetBrains\Toolbox\apps\AndroidStudio\ch-0\203.7621141\jre\bin;C:\Windows\SYSTEM32;C:\Windows\WinSxS\amd64_microsoft.windows.common-controls_6595b64144ccf1df_6.0.19041.1110_none_60b5254171f9507e;C:\Users\login\AppData\Local\JetBrains\Toolbox\apps\AndroidStudio\ch-0\203.7621141\jre\bin\server;C:\Users\login\.gradle\native\8bec1ad78214c89d9ad589b4d07fe93259594b29d510b10fafb7a158f7737e5d\windows-amd64;C:\Users\login\.gradle\native\53dbd7edfb1c66fb8903c78663c9afc45aea4f116125fa6feffd364cf09443e8\windows-amd64;C:\Users\login\AppData\Local\Temp\native-platform5554870123601836114dir

VM Arguments:
jvm_args: --add-opens=java.base/java.util=ALL-UNNAMED --add-opens=java.base/java.lang=ALL-UNNAMED --add-opens=java.base/java.lang.invoke=ALL-UNNAMED --add-opens=java.base/java.util=ALL-UNNAMED --add-opens=java.prefs/java.util.prefs=ALL-UNNAMED --add-opens=java.prefs/java.util.prefs=ALL-UNNAMED --add-opens=java.base/java.nio.charset=ALL-UNNAMED --add-opens=java.base/java.net=ALL-UNNAMED --add-opens=java.base/java.util.concurrent.atomic=ALL-UNNAMED -Xmx2048m -Dfile.encoding=UTF-8 -Duser.country=RU -Duser.language=ru -Duser.variant 
java_command: org.gradle.launcher.daemon.bootstrap.GradleDaemon 7.0.2
java_class_path (initial): C:\Users\login\.gradle\wrapper\dists\gradle-7.0.2-bin\857tjihv64xamwrf0h14cai3r\gradle-7.0.2\lib\gradle-launcher-7.0.2.jar
Launcher Type: SUN_STANDARD

[Global flags]
     intx CICompilerCount                          = 2                                         {product} {ergonomic}
     uint ConcGCThreads                            = 1                                         {product} {ergonomic}
     uint G1ConcRefinementThreads                  = 2                                         {product} {ergonomic}
   size_t G1HeapRegionSize                         = 1048576                                   {product} {ergonomic}
    uintx GCDrainStackTargetSize                   = 64                                        {product} {ergonomic}
   size_t InitialHeapSize                          = 132120576                                 {product} {ergonomic}
   size_t MarkStackSize                            = 4194304                                   {product} {ergonomic}
   size_t MaxHeapSize                              = 2147483648                                {product} {command line}
   size_t MaxNewSize                               = 1287651328                                {product} {ergonomic}
   size_t MinHeapDeltaBytes                        = 1048576                                   {product} {ergonomic}
    uintx NonNMethodCodeHeapSize                   = 5825164                                {pd product} {ergonomic}
    uintx NonProfiledCodeHeapSize                  = 122916538                              {pd product} {ergonomic}
    uintx ProfiledCodeHeapSize                     = 122916538                              {pd product} {ergonomic}
    uintx ReservedCodeCacheSize                    = 251658240                              {pd product} {ergonomic}
     bool SegmentedCodeCache                       = true                                      {product} {ergonomic}
     bool UseCompressedClassPointers               = true                                 {lp64_product} {ergonomic}
     bool UseCompressedOops                        = true                                 {lp64_product} {ergonomic}
     bool UseG1GC                                  = true                                      {product} {ergonomic}
     bool UseLargePagesIndividualAllocation        = false                                  {pd product} {ergonomic}

Logging:
Log output configuration:
 #0: stdout all=warning uptime,level,tags
 #1: stderr all=off uptime,level,tags

Environment Variables:
PATH=C:\Windows\system32;C:\Windows;C:\Windows\System32\Wbem;C:\Windows\System32\WindowsPowerShell\v1.0\;C:\Windows\System32\OpenSSH\;C:\Program Files\Microsoft SQL Server\130\Tools\Binn\;C:\Program Files\Microsoft SQL Server\Client SDK\ODBC\170\Tools\Binn\;C:\Program Files\dotnet\;D:\application\git\Git\cmd;D:\application\nodeJS\;C:\Program Files (x86)\Microsoft SQL Server\150\DTS\Binn\;C:\Program Files\Azure Data Studio\bin;C:\Program Files (x86)\Microsoft SQL Server\150\Tools\Binn\;C:\Program Files\Microsoft SQL Server\150\Tools\Binn\;C:\Program Files\Microsoft SQL Server\150\DTS\Binn\;C:\Users\login\AppData\Local\Programs\Python\Python39\Scripts\;C:\Users\login\AppData\Local\Programs\Python\Python39\;C:\Program Files\MySQL\MySQL Shell 8.0\bin\;C:\Users\login\AppData\Local\Microsoft\WindowsApps;D:\application\GC_SDK\google-cloud-sdk\bin;C:\Users\login\.dotnet\tools;C:\Users\login\AppData\Local\GitHubDesktop\bin;D:\application\VsCode\Microsoft VS Code\bin;C:\Users\login\AppData\Roaming\npm;C:\Program Files\Azure Data Studio\bin
USERNAME=login
OS=Windows_NT
PROCESSOR_IDENTIFIER=Intel64 Family 6 Model 122 Stepping 1, GenuineIntel



---------------  S Y S T E M  ---------------

OS: Windows 10 , 64 bit Build 19041 (10.0.19041.1202)
OS uptime: 0 days 19:04 hours

CPU:total 2 (initial active 2) (2 cores per cpu, 1 threads per core) family 6 model 122 stepping 1 microcode 0x2e, cmov, cx8, fxsr, mmx, sse, sse2, sse3, ssse3, sse4.1, sse4.2, popcnt, aes, clmul, erms, 3dnowpref, tsc, tscinvbit, sha

Memory: 4k page, system-wide physical 8023M (278M free)
TotalPageFile size 17239M (AvailPageFile size 5174M)
current process WorkingSet (physical memory assigned to process): 398M, peak: 431M
current process commit charge ("private bytes"): 493M, peak: 496M

vm_info: OpenJDK 64-Bit Server VM (11.0.10+0-b96-7249189) for windows-amd64 JRE (11.0.10+0-b96-7249189), built on Mar 31 2021 21:44:00 by "builder" with MS VC++ 14.0 (VS2015)

END.
